#
# There is insufficient memory for the Java Runtime Environment to continue.
# Native memory allocation (mmap) failed to map 293601280 bytes for Failed to commit area from 0x0000000091800000 to 0x00000000a3000000 of length 293601280.
# Possible reasons:
#   The system is out of physical RAM or swap space
#   The process is running with CompressedOops enabled, and the Java Heap may be blocking the growth of the native heap
# Possible solutions:
#   Reduce memory load on the system
#   Increase physical memory or swap space
#   Check if swap backing store is full
#   Decrease Java heap size (-Xmx/-Xms)
#   Decrease number of Java threads
#   Decrease Java thread stack sizes (-Xss)
#   Set larger code cache with -XX:ReservedCodeCacheSize=
#   JVM is running with Unscaled Compressed Oops mode in which the Java heap is
#     placed in the first 4GB address space. The Java Heap base address is the
#     maximum limit for the native heap growth. Please use -XX:HeapBaseMinAddress
#     to set the Java Heap base and to place the Java Heap above 4GB virtual address.
# This output file may be truncated or incomplete.
#
#  Out of Memory Error (./src/hotspot/os/windows/os_windows.cpp:3619), pid=21272, tid=176
#
# JRE version: OpenJDK Runtime Environment (11.0.13) (build 11.0.13+0-b1751.21-8125866)
# Java VM: OpenJDK 64-Bit Server VM (11.0.13+0-b1751.21-8125866, mixed mode, tiered, compressed oops, g1 gc, windows-amd64)
# No core dump will be written. Minidumps are not enabled by default on client versions of Windows
#

---------------  S U M M A R Y ------------

Command Line: --add-opens=java.base/java.util=ALL-UNNAMED --add-opens=java.base/java.lang=ALL-UNNAMED --add-opens=java.base/java.lang.invoke=ALL-UNNAMED --add-opens=java.base/java.util=ALL-UNNAMED --add-opens=java.prefs/java.util.prefs=ALL-UNNAMED --add-opens=java.prefs/java.util.prefs=ALL-UNNAMED --add-opens=java.base/java.nio.charset=ALL-UNNAMED --add-opens=java.base/java.net=ALL-UNNAMED --add-opens=java.base/java.util.concurrent.atomic=ALL-UNNAMED -Xmx2048m -Dfile.encoding=UTF-8 -Duser.country=US -Duser.language=en -Duser.variant org.gradle.launcher.daemon.bootstrap.GradleDaemon 7.4

Host: Intel(R) Core(TM) i5-8265U CPU @ 1.60GHz, 8 cores, 7G,  Windows 10 , 64 bit Build 21996 (10.0.21996.1)
Time: Wed Nov 30 12:18:44 2022 South Africa Standard Time elapsed time: 6744.539612 seconds (0d 1h 52m 24s)

---------------  T H R E A D  ---------------

Current thread (0x0000022f9a5cf000):  VMThread "VM Thread" [stack: 0x00000053c8a00000,0x00000053c8b00000] [id=176]

Stack: [0x00000053c8a00000,0x00000053c8b00000]
[error occurred during error reporting (printing stack bounds), id 0xc0000005, EXCEPTION_ACCESS_VIOLATION (0xc0000005) at pc=0x0000022f83a4112d]

Native frames: (J=compiled Java code, j=interpreted, Vv=VM code, C=native code)
V  [jvm.dll+0x6100fa]
V  [jvm.dll+0x747090]
V  [jvm.dll+0x7486ad]
V  [jvm.dll+0x748ce5]
V  [jvm.dll+0x748c9b]
V  [jvm.dll+0x60f224]
V  [jvm.dll+0x60f9b8]
C  [ntdll.dll+0xa7c5f]
C  [ntdll.dll+0x359ba]
C  [ntdll.dll+0xa6c6e]
C  0x0000022f83a4112d

VM_Operation (0x00000053d25fc3a0): G1CollectForAllocation, mode: safepoint, requested by thread 0x0000022f9ee0b800


---------------  P R O C E S S  ---------------

Threads class SMR info:
_java_thread_list=0x0000022fa592fa50, length=147, elements={
0x0000022fff9e0000, 0x0000022f9a5d0800, 0x0000022f9a5d4000, 0x0000022f9af64800,
0x0000022f9af65800, 0x0000022f9af66800, 0x0000022f9af72000, 0x0000022f9a5ef000,
0x0000022f9a5f2000, 0x0000022f9b0ad000, 0x0000022f9d0db000, 0x0000022f9b21d800,
0x0000022f9dfc8800, 0x0000022f9e1d5800, 0x0000022f9e1d8000, 0x0000022f9e1d7000,
0x0000022f9e1dc000, 0x0000022f9e1d6000, 0x0000022f9e5f3800, 0x0000022f9e5f2800,
0x0000022f9e5ee000, 0x0000022f9e5f5000, 0x0000022f9e5f8800, 0x0000022f9d6f6000,
0x0000022f9d6fc800, 0x0000022f9d6fd800, 0x0000022f9c043800, 0x0000022f9c046000,
0x0000022f9c042800, 0x0000022f9c041000, 0x0000022fa0a07800, 0x0000022fa6478000,
0x0000022f9e1da800, 0x0000022fa0a06800, 0x0000022fa0a08000, 0x0000022fa0a02800,
0x0000022fa0a09000, 0x0000022fa0a05000, 0x0000022fa0a06000, 0x0000022fa0a04000,
0x0000022fa0a03800, 0x0000022fa0a0a800, 0x0000022fa0a0e000, 0x0000022fa0a0b800,
0x0000022fa0a0f000, 0x0000022fa0a0f800, 0x0000022fa0a0c800, 0x0000022fa0a0a000,
0x0000022fa0a0d000, 0x0000022fa0a10800, 0x0000022fa0a11000, 0x0000022fa6476800,
0x0000022fa6471800, 0x0000022fa6471000, 0x0000022fa6475000, 0x0000022fa6472800,
0x0000022fa6476000, 0x0000022fa6479000, 0x0000022fa6473800, 0x0000022fa6474000,
0x0000022fa647d000, 0x0000022fa647a800, 0x0000022fa647a000, 0x0000022fa647b800,
0x0000022fa647c800, 0x0000022fa6477800, 0x0000022fa647f000, 0x0000022fa647f800,
0x0000022fa647e000, 0x0000022fa563d800, 0x0000022fa563e800, 0x0000022fa5640000,
0x0000022fa563c800, 0x0000022fa5641000, 0x0000022fa563b000, 0x0000022fa5641800,
0x0000022fa563c000, 0x0000022fa5646800, 0x0000022fa5645000, 0x0000022fa5643800,
0x0000022fa5645800, 0x0000022fa5642800, 0x0000022fa5647800, 0x0000022fa5644000,
0x0000022fa5648000, 0x0000022fa5649000, 0x0000022f9d6f2800, 0x0000022f9d6f0800,
0x0000022f9d6ee800, 0x0000022f9d6ef800, 0x0000022f9d6f3800, 0x0000022f9d6f5000,
0x0000022f9d6f1000, 0x0000022f9d6f4800, 0x0000022f9d6f2000, 0x0000022f9d6fb800,
0x0000022f9d6f7800, 0x0000022f9d6f7000, 0x0000022f9d6f8800, 0x0000022f9d6f9800,
0x0000022f9d6fa000, 0x0000022f9d6fb000, 0x0000022f9c042000, 0x0000022f9c04a000,
0x0000022f9c049000, 0x0000022f9c048800, 0x0000022f9c044000, 0x0000022f9c04b000,
0x0000022f9c045000, 0x0000022f9c04b800, 0x0000022f9c04c800, 0x0000022f9c04d000,
0x0000022f9c047800, 0x0000022f9c04e000, 0x0000022f9c04f000, 0x0000022f9e5ef800,
0x0000022f9e5f6000, 0x0000022f9e5fc800, 0x0000022f9e5f7000, 0x0000022f9e5fb800,
0x0000022f9e5f9000, 0x0000022f9e5f7800, 0x0000022f9e5fa000, 0x0000022f9e5fb000,
0x0000022f9e1d9800, 0x0000022f9e1d8800, 0x0000022f9e1db000, 0x0000022fa6558000,
0x0000022fa655b800, 0x0000022fa6559000, 0x0000022fa655e000, 0x0000022fa655a000,
0x0000022fa655c000, 0x0000022fa655e800, 0x0000022fa6560800, 0x0000022fa655a800,
0x0000022fa655f800, 0x0000022fa6561000, 0x0000022fa6562000, 0x0000022fa655d000,
0x0000022fa6564800, 0x0000022fa6565000, 0x0000022fa6566000, 0x0000022fa6567000,
0x0000022f9ee0b800, 0x0000022f9ee0e000, 0x0000022f9d5eb000
}

Java Threads: ( => current thread )
  0x0000022fff9e0000 JavaThread "main" [_thread_blocked, id=22516, stack(0x00000053c8400000,0x00000053c8500000)]
  0x0000022f9a5d0800 JavaThread "Reference Handler" daemon [_thread_blocked, id=11692, stack(0x00000053c8b00000,0x00000053c8c00000)]
  0x0000022f9a5d4000 JavaThread "Finalizer" daemon [_thread_blocked, id=15864, stack(0x00000053c8c00000,0x00000053c8d00000)]
  0x0000022f9af64800 JavaThread "Signal Dispatcher" daemon [_thread_blocked, id=9500, stack(0x00000053c8d00000,0x00000053c8e00000)]
  0x0000022f9af65800 JavaThread "Attach Listener" daemon [_thread_blocked, id=2144, stack(0x00000053c8e00000,0x00000053c8f00000)]
  0x0000022f9af66800 JavaThread "Service Thread" daemon [_thread_blocked, id=9384, stack(0x00000053c8f00000,0x00000053c9000000)]
  0x0000022f9af72000 JavaThread "C2 CompilerThread0" daemon [_thread_blocked, id=24416, stack(0x00000053c9000000,0x00000053c9100000)]
  0x0000022f9a5ef000 JavaThread "C1 CompilerThread0" daemon [_thread_blocked, id=23676, stack(0x00000053c9100000,0x00000053c9200000)]
  0x0000022f9a5f2000 JavaThread "Sweeper thread" daemon [_thread_blocked, id=16884, stack(0x00000053c9200000,0x00000053c9300000)]
  0x0000022f9b0ad000 JavaThread "Common-Cleaner" daemon [_thread_blocked, id=19648, stack(0x00000053c9300000,0x00000053c9400000)]
  0x0000022f9d0db000 JavaThread "Daemon health stats" [_thread_blocked, id=8256, stack(0x00000053c9800000,0x00000053c9900000)]
  0x0000022f9b21d800 JavaThread "Incoming local TCP Connector on port 52910" [_thread_in_native, id=21548, stack(0x00000053c9500000,0x00000053c9600000)]
  0x0000022f9dfc8800 JavaThread "Daemon periodic checks" [_thread_blocked, id=5680, stack(0x00000053c9900000,0x00000053c9a00000)]
  0x0000022f9e1d5800 JavaThread "Cache worker for journal cache (C:\Users\MICROTIC\.gradle\caches\journal-1)" [_thread_blocked, id=15544, stack(0x00000053ca600000,0x00000053ca700000)]
  0x0000022f9e1d8000 JavaThread "File lock request listener" [_thread_in_native, id=5960, stack(0x00000053ca700000,0x00000053ca800000)]
  0x0000022f9e1d7000 JavaThread "Cache worker for file hash cache (C:\Users\MICROTIC\.gradle\caches\7.4\fileHashes)" [_thread_blocked, id=15076, stack(0x00000053ca800000,0x00000053ca900000)]
  0x0000022f9e1dc000 JavaThread "File watcher server" daemon [_thread_blocked, id=8984, stack(0x00000053cab00000,0x00000053cac00000)]
  0x0000022f9e1d6000 JavaThread "File watcher consumer" daemon [_thread_blocked, id=19644, stack(0x00000053cac00000,0x00000053cad00000)]
  0x0000022f9e5f3800 JavaThread "Cache worker for execution history cache (C:\Users\MICROTIC\.gradle\caches\7.4\executionHistory)" [_thread_blocked, id=4584, stack(0x00000053cb100000,0x00000053cb200000)]
  0x0000022f9e5f2800 JavaThread "jar transforms" [_thread_blocked, id=20036, stack(0x00000053cb200000,0x00000053cb300000)]
  0x0000022f9e5ee000 JavaThread "Cache worker for file content cache (C:\Users\MICROTIC\.gradle\caches\7.4\fileContent)" [_thread_blocked, id=12656, stack(0x00000053cb300000,0x00000053cb400000)]
  0x0000022f9e5f5000 JavaThread "jar transforms Thread 2" [_thread_blocked, id=23616, stack(0x00000053cb400000,0x00000053cb500000)]
  0x0000022f9e5f8800 JavaThread "jar transforms Thread 3" [_thread_blocked, id=18260, stack(0x00000053cb600000,0x00000053cb700000)]
  0x0000022f9d6f6000 JavaThread "jar transforms Thread 4" [_thread_blocked, id=2156, stack(0x00000053d0800000,0x00000053d0900000)]
  0x0000022f9d6fc800 JavaThread "jar transforms Thread 5" [_thread_blocked, id=13184, stack(0x00000053d0900000,0x00000053d0a00000)]
  0x0000022f9d6fd800 JavaThread "jar transforms Thread 6" [_thread_blocked, id=5368, stack(0x00000053d0a00000,0x00000053d0b00000)]
  0x0000022f9c043800 JavaThread "jar transforms Thread 7" [_thread_blocked, id=11756, stack(0x00000053d0b00000,0x00000053d0c00000)]
  0x0000022f9c046000 JavaThread "jar transforms Thread 8" [_thread_blocked, id=4276, stack(0x00000053d0c00000,0x00000053d0d00000)]
  0x0000022f9c042800 JavaThread "Memory manager" [_thread_blocked, id=9512, stack(0x00000053d0700000,0x00000053d0800000)]
  0x0000022f9c041000 JavaThread "pool-3-thread-1" [_thread_blocked, id=22728, stack(0x00000053d0f00000,0x00000053d1000000)]
  0x0000022fa0a07800 JavaThread "pool-6-thread-1" [_thread_blocked, id=20348, stack(0x00000053d0600000,0x00000053d0700000)]
  0x0000022fa6478000 JavaThread "pool-9-thread-1" [_thread_blocked, id=15708, stack(0x00000053d1200000,0x00000053d1300000)]
  0x0000022f9e1da800 JavaThread "pool-12-thread-1" [_thread_blocked, id=19232, stack(0x00000053d1100000,0x00000053d1200000)]
  0x0000022fa0a06800 JavaThread "Daemon Thread 6" [_thread_blocked, id=12684, stack(0x00000053c8100000,0x00000053c8200000)]
  0x0000022fa0a08000 JavaThread "Handler for socket connection from /127.0.0.1:52910 to /127.0.0.1:53673" [_thread_in_native, id=17184, stack(0x00000053c8200000,0x00000053c8300000)]
  0x0000022fa0a02800 JavaThread "Cancel handler" [_thread_blocked, id=14928, stack(0x00000053c8300000,0x00000053c8400000)]
  0x0000022fa0a09000 JavaThread "Daemon worker Thread 5" [_thread_blocked, id=19680, stack(0x00000053c9a00000,0x00000053c9b00000)]
  0x0000022fa0a05000 JavaThread "Asynchronous log dispatcher for DefaultDaemonConnection: socket connection from /127.0.0.1:52910 to /127.0.0.1:53673" [_thread_blocked, id=24028, stack(0x00000053c9b00000,0x00000053c9c00000)]
  0x0000022fa0a06000 JavaThread "Stdin handler" [_thread_blocked, id=12064, stack(0x00000053c9c00000,0x00000053c9d00000)]
  0x0000022fa0a04000 JavaThread "Daemon client event forwarder" [_thread_blocked, id=16020, stack(0x00000053c9d00000,0x00000053c9e00000)]
  0x0000022fa0a03800 JavaThread "Cache worker for checksums cache (C:\Users\MICROTIC\AndroidStudioProjects\Hope\.gradle\7.4\checksums)" [_thread_blocked, id=8456, stack(0x00000053c9e00000,0x00000053c9f00000)]
  0x0000022fa0a0a800 JavaThread "Cache worker for cache directory md-rule (C:\Users\MICROTIC\.gradle\caches\7.4\md-rule)" [_thread_blocked, id=10228, stack(0x00000053c9f00000,0x00000053ca000000)]
  0x0000022fa0a0e000 JavaThread "Cache worker for file hash cache (C:\Users\MICROTIC\AndroidStudioProjects\Hope\.gradle\7.4\fileHashes)" [_thread_blocked, id=22172, stack(0x00000053ca000000,0x00000053ca100000)]
  0x0000022fa0a0b800 JavaThread "Cache worker for cache directory md-supplier (C:\Users\MICROTIC\.gradle\caches\7.4\md-supplier)" [_thread_blocked, id=24012, stack(0x00000053caa00000,0x00000053cab00000)]
  0x0000022fa0a0f000 JavaThread "Cache worker for dependencies-accessors (C:\Users\MICROTIC\AndroidStudioProjects\Hope\.gradle\7.4\dependencies-accessors)" [_thread_blocked, id=9680, stack(0x00000053cad00000,0x00000053cae00000)]
  0x0000022fa0a0f800 JavaThread "Cache worker for Build Output Cleanup Cache (C:\Users\MICROTIC\AndroidStudioProjects\Hope\.gradle\buildOutputCleanup)" [_thread_blocked, id=17600, stack(0x00000053cae00000,0x00000053caf00000)]
  0x0000022fa0a0c800 JavaThread "Unconstrained build operations" [_thread_blocked, id=4380, stack(0x00000053caf00000,0x00000053cb000000)]
  0x0000022fa0a0a000 JavaThread "Unconstrained build operations Thread 2" [_thread_blocked, id=13788, stack(0x00000053cb000000,0x00000053cb100000)]
  0x0000022fa0a0d000 JavaThread "Unconstrained build operations Thread 3" [_thread_blocked, id=17684, stack(0x00000053cb700000,0x00000053cb800000)]
  0x0000022fa0a10800 JavaThread "Unconstrained build operations Thread 4" [_thread_blocked, id=18188, stack(0x00000053cb800000,0x00000053cb900000)]
  0x0000022fa0a11000 JavaThread "Unconstrained build operations Thread 5" [_thread_blocked, id=22992, stack(0x00000053cb900000,0x00000053cba00000)]
  0x0000022fa6476800 JavaThread "Unconstrained build operations Thread 6" [_thread_blocked, id=9008, stack(0x00000053cba00000,0x00000053cbb00000)]
  0x0000022fa6471800 JavaThread "Unconstrained build operations Thread 7" [_thread_blocked, id=11044, stack(0x00000053cbb00000,0x00000053cbc00000)]
  0x0000022fa6471000 JavaThread "Unconstrained build operations Thread 8" [_thread_blocked, id=9624, stack(0x00000053cbc00000,0x00000053cbd00000)]
  0x0000022fa6475000 JavaThread "Unconstrained build operations Thread 9" [_thread_blocked, id=10028, stack(0x00000053cbd00000,0x00000053cbe00000)]
  0x0000022fa6472800 JavaThread "Unconstrained build operations Thread 10" [_thread_blocked, id=14332, stack(0x00000053cbe00000,0x00000053cbf00000)]
  0x0000022fa6476000 JavaThread "Unconstrained build operations Thread 11" [_thread_blocked, id=22124, stack(0x00000053cbf00000,0x00000053cc000000)]
  0x0000022fa6479000 JavaThread "Unconstrained build operations Thread 12" [_thread_blocked, id=21616, stack(0x00000053cc000000,0x00000053cc100000)]
  0x0000022fa6473800 JavaThread "Unconstrained build operations Thread 13" [_thread_blocked, id=7480, stack(0x00000053cc100000,0x00000053cc200000)]
  0x0000022fa6474000 JavaThread "Unconstrained build operations Thread 14" [_thread_blocked, id=7036, stack(0x00000053cc200000,0x00000053cc300000)]
  0x0000022fa647d000 JavaThread "Unconstrained build operations Thread 15" [_thread_blocked, id=6124, stack(0x00000053cc300000,0x00000053cc400000)]
  0x0000022fa647a800 JavaThread "Unconstrained build operations Thread 16" [_thread_blocked, id=10252, stack(0x00000053cc400000,0x00000053cc500000)]
  0x0000022fa647a000 JavaThread "Unconstrained build operations Thread 17" [_thread_blocked, id=7964, stack(0x00000053cc500000,0x00000053cc600000)]
  0x0000022fa647b800 JavaThread "Unconstrained build operations Thread 18" [_thread_blocked, id=6812, stack(0x00000053cc600000,0x00000053cc700000)]
  0x0000022fa647c800 JavaThread "Unconstrained build operations Thread 19" [_thread_blocked, id=13224, stack(0x00000053cc700000,0x00000053cc800000)]
  0x0000022fa6477800 JavaThread "Unconstrained build operations Thread 20" [_thread_blocked, id=15092, stack(0x00000053cc800000,0x00000053cc900000)]
  0x0000022fa647f000 JavaThread "Unconstrained build operations Thread 21" [_thread_blocked, id=15216, stack(0x00000053cc900000,0x00000053cca00000)]
  0x0000022fa647f800 JavaThread "Unconstrained build operations Thread 22" [_thread_blocked, id=23160, stack(0x00000053cca00000,0x00000053ccb00000)]
  0x0000022fa647e000 JavaThread "Unconstrained build operations Thread 23" [_thread_blocked, id=13832, stack(0x00000053ccb00000,0x00000053ccc00000)]
  0x0000022fa563d800 JavaThread "Unconstrained build operations Thread 24" [_thread_blocked, id=8112, stack(0x00000053ccc00000,0x00000053ccd00000)]
  0x0000022fa563e800 JavaThread "Unconstrained build operations Thread 25" [_thread_blocked, id=848, stack(0x00000053ccd00000,0x00000053cce00000)]
  0x0000022fa5640000 JavaThread "Unconstrained build operations Thread 26" [_thread_blocked, id=4836, stack(0x00000053cce00000,0x00000053ccf00000)]
  0x0000022fa563c800 JavaThread "Unconstrained build operations Thread 27" [_thread_blocked, id=4136, stack(0x00000053ccf00000,0x00000053cd000000)]
  0x0000022fa5641000 JavaThread "Unconstrained build operations Thread 28" [_thread_blocked, id=22800, stack(0x00000053cd000000,0x00000053cd100000)]
  0x0000022fa563b000 JavaThread "Unconstrained build operations Thread 29" [_thread_blocked, id=17708, stack(0x00000053cd100000,0x00000053cd200000)]
  0x0000022fa5641800 JavaThread "Unconstrained build operations Thread 30" [_thread_blocked, id=17480, stack(0x00000053cd200000,0x00000053cd300000)]
  0x0000022fa563c000 JavaThread "Unconstrained build operations Thread 31" [_thread_blocked, id=24520, stack(0x00000053cd300000,0x00000053cd400000)]
  0x0000022fa5646800 JavaThread "Unconstrained build operations Thread 32" [_thread_blocked, id=5632, stack(0x00000053cd400000,0x00000053cd500000)]
  0x0000022fa5645000 JavaThread "Unconstrained build operations Thread 33" [_thread_blocked, id=6652, stack(0x00000053cd500000,0x00000053cd600000)]
  0x0000022fa5643800 JavaThread "Unconstrained build operations Thread 34" [_thread_blocked, id=11720, stack(0x00000053cd600000,0x00000053cd700000)]
  0x0000022fa5645800 JavaThread "Unconstrained build operations Thread 35" [_thread_blocked, id=11896, stack(0x00000053cd700000,0x00000053cd800000)]
  0x0000022fa5642800 JavaThread "Unconstrained build operations Thread 36" [_thread_blocked, id=5500, stack(0x00000053cd800000,0x00000053cd900000)]
  0x0000022fa5647800 JavaThread "Unconstrained build operations Thread 37" [_thread_blocked, id=23400, stack(0x00000053cd900000,0x00000053cda00000)]
  0x0000022fa5644000 JavaThread "Unconstrained build operations Thread 38" [_thread_blocked, id=11552, stack(0x00000053cda00000,0x00000053cdb00000)]
  0x0000022fa5648000 JavaThread "Unconstrained build operations Thread 39" [_thread_blocked, id=23776, stack(0x00000053cdb00000,0x00000053cdc00000)]
  0x0000022fa5649000 JavaThread "Unconstrained build operations Thread 40" [_thread_blocked, id=14116, stack(0x00000053cdc00000,0x00000053cdd00000)]
  0x0000022f9d6f2800 JavaThread "Unconstrained build operations Thread 41" [_thread_blocked, id=8836, stack(0x00000053cdd00000,0x00000053cde00000)]
  0x0000022f9d6f0800 JavaThread "Unconstrained build operations Thread 42" [_thread_blocked, id=16092, stack(0x00000053cde00000,0x00000053cdf00000)]
  0x0000022f9d6ee800 JavaThread "Unconstrained build operations Thread 43" [_thread_blocked, id=6572, stack(0x00000053cdf00000,0x00000053ce000000)]
  0x0000022f9d6ef800 JavaThread "Unconstrained build operations Thread 44" [_thread_blocked, id=11848, stack(0x00000053ce000000,0x00000053ce100000)]
  0x0000022f9d6f3800 JavaThread "Unconstrained build operations Thread 45" [_thread_blocked, id=7816, stack(0x00000053ce100000,0x00000053ce200000)]
  0x0000022f9d6f5000 JavaThread "Unconstrained build operations Thread 46" [_thread_blocked, id=13016, stack(0x00000053ce200000,0x00000053ce300000)]
  0x0000022f9d6f1000 JavaThread "Unconstrained build operations Thread 47" [_thread_blocked, id=16064, stack(0x00000053ce300000,0x00000053ce400000)]
  0x0000022f9d6f4800 JavaThread "Unconstrained build operations Thread 48" [_thread_blocked, id=18680, stack(0x00000053ce400000,0x00000053ce500000)]
  0x0000022f9d6f2000 JavaThread "Unconstrained build operations Thread 49" [_thread_blocked, id=12848, stack(0x00000053ce500000,0x00000053ce600000)]
  0x0000022f9d6fb800 JavaThread "Unconstrained build operations Thread 50" [_thread_blocked, id=14212, stack(0x00000053ce600000,0x00000053ce700000)]
  0x0000022f9d6f7800 JavaThread "Unconstrained build operations Thread 51" [_thread_blocked, id=6884, stack(0x00000053ce700000,0x00000053ce800000)]
  0x0000022f9d6f7000 JavaThread "Unconstrained build operations Thread 52" [_thread_blocked, id=23124, stack(0x00000053ce800000,0x00000053ce900000)]
  0x0000022f9d6f8800 JavaThread "Unconstrained build operations Thread 53" [_thread_blocked, id=5348, stack(0x00000053ce900000,0x00000053cea00000)]
  0x0000022f9d6f9800 JavaThread "Unconstrained build operations Thread 54" [_thread_blocked, id=22412, stack(0x00000053cea00000,0x00000053ceb00000)]
  0x0000022f9d6fa000 JavaThread "Unconstrained build operations Thread 55" [_thread_blocked, id=15916, stack(0x00000053ceb00000,0x00000053cec00000)]
  0x0000022f9d6fb000 JavaThread "Unconstrained build operations Thread 56" [_thread_blocked, id=15420, stack(0x00000053cec00000,0x00000053ced00000)]
  0x0000022f9c042000 JavaThread "Unconstrained build operations Thread 57" [_thread_blocked, id=23756, stack(0x00000053ced00000,0x00000053cee00000)]
  0x0000022f9c04a000 JavaThread "Unconstrained build operations Thread 58" [_thread_blocked, id=16348, stack(0x00000053cee00000,0x00000053cef00000)]
  0x0000022f9c049000 JavaThread "Unconstrained build operations Thread 59" [_thread_blocked, id=13216, stack(0x00000053cef00000,0x00000053cf000000)]
  0x0000022f9c048800 JavaThread "Unconstrained build operations Thread 60" [_thread_blocked, id=17220, stack(0x00000053cf000000,0x00000053cf100000)]
  0x0000022f9c044000 JavaThread "Unconstrained build operations Thread 61" [_thread_blocked, id=13196, stack(0x00000053cf100000,0x00000053cf200000)]
  0x0000022f9c04b000 JavaThread "Unconstrained build operations Thread 62" [_thread_blocked, id=12612, stack(0x00000053cf200000,0x00000053cf300000)]
  0x0000022f9c045000 JavaThread "Unconstrained build operations Thread 63" [_thread_blocked, id=6568, stack(0x00000053cf300000,0x00000053cf400000)]
  0x0000022f9c04b800 JavaThread "Unconstrained build operations Thread 64" [_thread_blocked, id=3344, stack(0x00000053cf400000,0x00000053cf500000)]
  0x0000022f9c04c800 JavaThread "Unconstrained build operations Thread 65" [_thread_blocked, id=18020, stack(0x00000053cf500000,0x00000053cf600000)]
  0x0000022f9c04d000 JavaThread "Unconstrained build operations Thread 66" [_thread_blocked, id=23120, stack(0x00000053cf600000,0x00000053cf700000)]
  0x0000022f9c047800 JavaThread "Unconstrained build operations Thread 67" [_thread_blocked, id=19480, stack(0x00000053cf700000,0x00000053cf800000)]
  0x0000022f9c04e000 JavaThread "Unconstrained build operations Thread 68" [_thread_blocked, id=17824, stack(0x00000053cf800000,0x00000053cf900000)]
  0x0000022f9c04f000 JavaThread "Unconstrained build operations Thread 69" [_thread_blocked, id=7288, stack(0x00000053cf900000,0x00000053cfa00000)]
  0x0000022f9e5ef800 JavaThread "Unconstrained build operations Thread 70" [_thread_blocked, id=4056, stack(0x00000053cfa00000,0x00000053cfb00000)]
  0x0000022f9e5f6000 JavaThread "Unconstrained build operations Thread 71" [_thread_blocked, id=7464, stack(0x00000053cfb00000,0x00000053cfc00000)]
  0x0000022f9e5fc800 JavaThread "Unconstrained build operations Thread 72" [_thread_blocked, id=3720, stack(0x00000053cfc00000,0x00000053cfd00000)]
  0x0000022f9e5f7000 JavaThread "Unconstrained build operations Thread 73" [_thread_blocked, id=9428, stack(0x00000053cfd00000,0x00000053cfe00000)]
  0x0000022f9e5fb800 JavaThread "Unconstrained build operations Thread 74" [_thread_blocked, id=24472, stack(0x00000053cfe00000,0x00000053cff00000)]
  0x0000022f9e5f9000 JavaThread "Unconstrained build operations Thread 75" [_thread_blocked, id=17796, stack(0x00000053cff00000,0x00000053d0000000)]
  0x0000022f9e5f7800 JavaThread "Unconstrained build operations Thread 76" [_thread_blocked, id=5700, stack(0x00000053d0000000,0x00000053d0100000)]
  0x0000022f9e5fa000 JavaThread "Unconstrained build operations Thread 77" [_thread_blocked, id=11816, stack(0x00000053d0100000,0x00000053d0200000)]
  0x0000022f9e5fb000 JavaThread "Unconstrained build operations Thread 78" [_thread_blocked, id=12260, stack(0x00000053d0200000,0x00000053d0300000)]
  0x0000022f9e1d9800 JavaThread "Unconstrained build operations Thread 79" [_thread_blocked, id=13884, stack(0x00000053d0300000,0x00000053d0400000)]
  0x0000022f9e1d8800 JavaThread "Unconstrained build operations Thread 80" [_thread_blocked, id=5820, stack(0x00000053d0400000,0x00000053d0500000)]
  0x0000022f9e1db000 JavaThread "build event listener" [_thread_blocked, id=3828, stack(0x00000053d0500000,0x00000053d0600000)]
  0x0000022fa6558000 JavaThread "pool-15-thread-1" [_thread_blocked, id=7404, stack(0x00000053d0d00000,0x00000053d0e00000)]
  0x0000022fa655b800 JavaThread "build event listener" [_thread_blocked, id=1376, stack(0x00000053d1300000,0x00000053d1400000)]
  0x0000022fa6559000 JavaThread "included builds" [_thread_blocked, id=18864, stack(0x00000053d1400000,0x00000053d1500000)]
  0x0000022fa655e000 JavaThread "Execution worker for ':'" [_thread_blocked, id=10132, stack(0x00000053d1500000,0x00000053d1600000)]
  0x0000022fa655a000 JavaThread "Execution worker for ':' Thread 2" [_thread_blocked, id=1604, stack(0x00000053d1600000,0x00000053d1700000)]
  0x0000022fa655c000 JavaThread "Execution worker for ':' Thread 3" [_thread_blocked, id=21256, stack(0x00000053d1700000,0x00000053d1800000)]
  0x0000022fa655e800 JavaThread "Execution worker for ':' Thread 4" [_thread_blocked, id=14208, stack(0x00000053d1800000,0x00000053d1900000)]
  0x0000022fa6560800 JavaThread "Execution worker for ':' Thread 5" [_thread_blocked, id=17016, stack(0x00000053d1900000,0x00000053d1a00000)]
  0x0000022fa655a800 JavaThread "Execution worker for ':' Thread 6" [_thread_blocked, id=14132, stack(0x00000053d1a00000,0x00000053d1b00000)]
  0x0000022fa655f800 JavaThread "Execution worker for ':' Thread 7" [_thread_blocked, id=12084, stack(0x00000053d1b00000,0x00000053d1c00000)]
  0x0000022fa6561000 JavaThread "Cache worker for execution history cache (C:\Users\MICROTIC\AndroidStudioProjects\Hope\.gradle\7.4\executionHistory)" [_thread_blocked, id=12372, stack(0x00000053d1c00000,0x00000053d1d00000)]
  0x0000022fa6562000 JavaThread "WorkerExecutor Queue" [_thread_blocked, id=14188, stack(0x00000053d1e00000,0x00000053d1f00000)]
  0x0000022fa655d000 JavaThread "WorkerExecutor Queue Thread 2" [_thread_blocked, id=6752, stack(0x00000053d2000000,0x00000053d2100000)]
  0x0000022fa6564800 JavaThread "WorkerExecutor Queue Thread 3" [_thread_blocked, id=9348, stack(0x00000053d2100000,0x00000053d2200000)]
  0x0000022fa6565000 JavaThread "WorkerExecutor Queue Thread 4" [_thread_blocked, id=24184, stack(0x00000053d2200000,0x00000053d2300000)]
  0x0000022fa6566000 JavaThread "WorkerExecutor Queue Thread 5" [_thread_blocked, id=9620, stack(0x00000053d2300000,0x00000053d2400000)]
  0x0000022fa6567000 JavaThread "WorkerExecutor Queue Thread 6" [_thread_blocked, id=23436, stack(0x00000053d2400000,0x00000053d2500000)]
  0x0000022f9ee0b800 JavaThread "WorkerExecutor Queue Thread 7" [_thread_blocked, id=8872, stack(0x00000053d2500000,0x00000053d2600000)]
  0x0000022f9ee0e000 JavaThread "WorkerExecutor Queue Thread 8" [_thread_blocked, id=9088, stack(0x00000053d2600000,0x00000053d2700000)]
  0x0000022f9d5eb000 JavaThread "C2 CompilerThread1" daemon [_thread_blocked, id=13936, stack(0x00000053d1d00000,0x00000053d1e00000)]

Other Threads:
=>0x0000022f9a5cf000 VMThread "VM Thread" [stack: 0x00000053c8a00000,0x00000053c8b00000] [id=176]
  0x0000022f9b0c0000 WatcherThread [stack: 0x00000053c9400000,0x00000053c9500000] [id=20488]
  0x0000022fff9f6800 GCTaskThread "GC Thread#0" [stack: 0x00000053c8500000,0x00000053c8600000] [id=16128]
  0x0000022f9bd33800 GCTaskThread "GC Thread#1" [stack: 0x00000053c9600000,0x00000053c9700000] [id=21764]
  0x0000022f9b824000 GCTaskThread "GC Thread#2" [stack: 0x00000053c9700000,0x00000053c9800000] [id=11708]
  0x0000022f9c813800 GCTaskThread "GC Thread#3" [stack: 0x00000053ca100000,0x00000053ca200000] [id=22228]
  0x0000022f9bf87800 GCTaskThread "GC Thread#4" [stack: 0x00000053ca200000,0x00000053ca300000] [id=1540]
  0x0000022f9c7df000 GCTaskThread "GC Thread#5" [stack: 0x00000053ca300000,0x00000053ca400000] [id=3016]
  0x0000022f9cf32800 GCTaskThread "GC Thread#6" [stack: 0x00000053ca400000,0x00000053ca500000] [id=22004]
  0x0000022f9c791800 GCTaskThread "GC Thread#7" [stack: 0x00000053ca500000,0x00000053ca600000] [id=12912]
  0x0000022fffa2c800 ConcurrentGCThread "G1 Main Marker" [stack: 0x00000053c8600000,0x00000053c8700000] [id=9456]
  0x0000022fffa2d800 ConcurrentGCThread "G1 Conc#0" [stack: 0x00000053c8700000,0x00000053c8800000] [id=8484]
  0x0000022f9d267800 ConcurrentGCThread "G1 Conc#1" [stack: 0x00000053ca900000,0x00000053caa00000] [id=7700]
  0x0000022fffabe000 ConcurrentGCThread "G1 Refine#0" [stack: 0x00000053c8800000,0x00000053c8900000] [id=13388]
  0x0000022f9d6c6000 ConcurrentGCThread "G1 Refine#1" [stack: 0x00000053cb500000,0x00000053cb600000] [id=12024]
  0x0000022f9d6bf800 ConcurrentGCThread "G1 Refine#2" [stack: 0x00000053d0e00000,0x00000053d0f00000] [id=22304]
  0x0000022fa0dd2000 ConcurrentGCThread "G1 Refine#3" [stack: 0x00000053d1000000,0x00000053d1100000] [id=19992]
  0x0000022f9a420800 ConcurrentGCThread "G1 Young RemSet Sampling" [stack: 0x00000053c8900000,0x00000053c8a00000] [id=14304]

Threads with active compile tasks:
C2 CompilerThread06744572 21690       4       com.android.aapt.Resources$Entry::writeTo (149 bytes)
C1 CompilerThread06744572 21713       3       com.sun.org.apache.xerces.internal.utils.XMLSecurityPropertyManager::getIndex (45 bytes)
C2 CompilerThread16744572 21704       4       java.lang.AbstractStringBuilder::substring (40 bytes)

VM state:at safepoint (normal execution)

VM Mutex/Monitor currently owned by a thread:  ([mutex/lock_event])
[0x0000022fff9db7e0] Threads_lock - owner thread: 0x0000022f9a5cf000
[0x0000022fff9dca70] Heap_lock - owner thread: 0x0000022f9ee0b800

Heap address: 0x0000000080000000, size: 2048 MB, Compressed Oops mode: 32-bit
Narrow klass base: 0x0000000000000000, Narrow klass shift: 3
Compressed class space size: 1073741824 Address: 0x0000000100000000

Heap:
 garbage-first heap   total 573440K, used 187934K [0x0000000080000000, 0x0000000100000000)
  region size 1024K, 1 young (1024K), 1 survivors (1024K)
 Metaspace       used 134187K, capacity 137159K, committed 138064K, reserved 1169408K
  class space    used 16239K, capacity 17288K, committed 17568K, reserved 1048576K
Heap Regions: E=young(eden), S=young(survivor), O=old, HS=humongous(starts), HC=humongous(continues), CS=collection set, F=free, A=archive, TAMS=top-at-mark-start (previous, next)
|   0|0x0000000080000000, 0x0000000080100000, 0x0000000080100000|100%| O|  |TAMS 0x0000000080100000, 0x0000000080000000| Untracked 
|   1|0x0000000080100000, 0x0000000080200000, 0x0000000080200000|100%| O|  |TAMS 0x0000000080200000, 0x0000000080100000| Untracked 
|   2|0x0000000080200000, 0x0000000080300000, 0x0000000080300000|100%| O|  |TAMS 0x0000000080300000, 0x0000000080200000| Untracked 
|   3|0x0000000080300000, 0x0000000080400000, 0x0000000080400000|100%|HS|  |TAMS 0x0000000080400000, 0x0000000080300000| Complete 
|   4|0x0000000080400000, 0x0000000080500000, 0x0000000080500000|100%|HC|  |TAMS 0x0000000080500000, 0x0000000080400000| Complete 
|   5|0x0000000080500000, 0x0000000080600000, 0x0000000080600000|100%|HC|  |TAMS 0x0000000080600000, 0x0000000080500000| Complete 
|   6|0x0000000080600000, 0x0000000080700000, 0x0000000080700000|100%| O|  |TAMS 0x0000000080700000, 0x0000000080600000| Untracked 
|   7|0x0000000080700000, 0x0000000080800000, 0x0000000080800000|100%| O|  |TAMS 0x0000000080800000, 0x0000000080700000| Complete 
|   8|0x0000000080800000, 0x0000000080900000, 0x0000000080900000|100%| O|  |TAMS 0x0000000080900000, 0x0000000080800000| Untracked 
|   9|0x0000000080900000, 0x0000000080a00000, 0x0000000080a00000|100%| O|  |TAMS 0x0000000080a00000, 0x0000000080900000| Complete 
|  10|0x0000000080a00000, 0x0000000080b00000, 0x0000000080b00000|100%| O|  |TAMS 0x0000000080b00000, 0x0000000080a00000| Complete 
|  11|0x0000000080b00000, 0x0000000080c00000, 0x0000000080c00000|100%| O|  |TAMS 0x0000000080c00000, 0x0000000080b00000| Untracked 
|  12|0x0000000080c00000, 0x0000000080d00000, 0x0000000080d00000|100%| O|  |TAMS 0x0000000080d00000, 0x0000000080c00000| Untracked 
|  13|0x0000000080d00000, 0x0000000080e00000, 0x0000000080e00000|100%| O|  |TAMS 0x0000000080e00000, 0x0000000080d00000| Untracked 
|  14|0x0000000080e00000, 0x0000000080f00000, 0x0000000080f00000|100%| O|  |TAMS 0x0000000080f00000, 0x0000000080e00000| Untracked 
|  15|0x0000000080f00000, 0x0000000081000000, 0x0000000081000000|100%| O|  |TAMS 0x0000000081000000, 0x0000000080f00000| Complete 
|  16|0x0000000081000000, 0x0000000081100000, 0x0000000081100000|100%|HS|  |TAMS 0x0000000081100000, 0x0000000081000000| Complete 
|  17|0x0000000081100000, 0x0000000081200000, 0x0000000081200000|100%| O|  |TAMS 0x0000000081200000, 0x0000000081100000| Complete 
|  18|0x0000000081200000, 0x0000000081300000, 0x0000000081300000|100%| O|  |TAMS 0x0000000081300000, 0x0000000081200000| Complete 
|  19|0x0000000081300000, 0x0000000081400000, 0x0000000081400000|100%| O|  |TAMS 0x0000000081400000, 0x0000000081300000| Complete 
|  20|0x0000000081400000, 0x0000000081500000, 0x0000000081500000|100%| O|  |TAMS 0x0000000081500000, 0x0000000081400000| Complete 
|  21|0x0000000081500000, 0x0000000081600000, 0x0000000081600000|100%| O|  |TAMS 0x0000000081600000, 0x0000000081500000| Complete 
|  22|0x0000000081600000, 0x0000000081700000, 0x0000000081700000|100%| O|  |TAMS 0x0000000081700000, 0x0000000081600000| Complete 
|  23|0x0000000081700000, 0x0000000081800000, 0x0000000081800000|100%| O|  |TAMS 0x0000000081800000, 0x0000000081700000| Untracked 
|  24|0x0000000081800000, 0x0000000081900000, 0x0000000081900000|100%| O|  |TAMS 0x0000000081900000, 0x0000000081800000| Complete 
|  25|0x0000000081900000, 0x0000000081a00000, 0x0000000081a00000|100%| O|  |TAMS 0x0000000081a00000, 0x0000000081900000| Complete 
|  26|0x0000000081a00000, 0x0000000081b00000, 0x0000000081b00000|100%| O|  |TAMS 0x0000000081b00000, 0x0000000081a00000| Untracked 
|  27|0x0000000081b00000, 0x0000000081c00000, 0x0000000081c00000|100%| O|  |TAMS 0x0000000081c00000, 0x0000000081b00000| Complete 
|  28|0x0000000081c00000, 0x0000000081d00000, 0x0000000081d00000|100%|HS|  |TAMS 0x0000000081d00000, 0x0000000081c00000| Complete 
|  29|0x0000000081d00000, 0x0000000081e00000, 0x0000000081e00000|100%|HS|  |TAMS 0x0000000081e00000, 0x0000000081d00000| Complete 
|  30|0x0000000081e00000, 0x0000000081f00000, 0x0000000081f00000|100%|HS|  |TAMS 0x0000000081f00000, 0x0000000081e00000| Complete 
|  31|0x0000000081f00000, 0x0000000082000000, 0x0000000082000000|100%|HC|  |TAMS 0x0000000082000000, 0x0000000081f00000| Complete 
|  32|0x0000000082000000, 0x0000000082100000, 0x0000000082100000|100%|HC|  |TAMS 0x0000000082100000, 0x0000000082000000| Complete 
|  33|0x0000000082100000, 0x0000000082200000, 0x0000000082200000|100%|HC|  |TAMS 0x0000000082200000, 0x0000000082100000| Complete 
|  34|0x0000000082200000, 0x0000000082300000, 0x0000000082300000|100%| O|  |TAMS 0x0000000082300000, 0x0000000082200000| Complete 
|  35|0x0000000082300000, 0x0000000082400000, 0x0000000082400000|100%|HS|  |TAMS 0x0000000082400000, 0x0000000082300000| Complete 
|  36|0x0000000082400000, 0x0000000082500000, 0x0000000082500000|100%|HC|  |TAMS 0x0000000082500000, 0x0000000082400000| Complete 
|  37|0x0000000082500000, 0x0000000082600000, 0x0000000082600000|100%| O|  |TAMS 0x0000000082600000, 0x0000000082500000| Complete 
|  38|0x0000000082600000, 0x0000000082700000, 0x0000000082700000|100%| O|  |TAMS 0x0000000082600000, 0x0000000082600000| Untracked 
|  39|0x0000000082700000, 0x0000000082800000, 0x0000000082800000|100%| O|  |TAMS 0x0000000082800000, 0x0000000082700000| Complete 
|  40|0x0000000082800000, 0x0000000082900000, 0x0000000082900000|100%| O|  |TAMS 0x0000000082800000, 0x0000000082800000| Untracked 
|  41|0x0000000082900000, 0x0000000082a00000, 0x0000000082a00000|100%| O|  |TAMS 0x0000000082a00000, 0x0000000082900000| Untracked 
|  42|0x0000000082a00000, 0x0000000082b00000, 0x0000000082b00000|100%| O|  |TAMS 0x0000000082b00000, 0x0000000082a00000| Untracked 
|  43|0x0000000082b00000, 0x0000000082c00000, 0x0000000082c00000|100%| O|  |TAMS 0x0000000082c00000, 0x0000000082b00000| Untracked 
|  44|0x0000000082c00000, 0x0000000082d00000, 0x0000000082d00000|100%| O|  |TAMS 0x0000000082d00000, 0x0000000082c00000| Untracked 
|  45|0x0000000082d00000, 0x0000000082e00000, 0x0000000082e00000|100%| O|  |TAMS 0x0000000082e00000, 0x0000000082d00000| Untracked 
|  46|0x0000000082e00000, 0x0000000082f00000, 0x0000000082f00000|100%| O|  |TAMS 0x0000000082f00000, 0x0000000082e00000| Untracked 
|  47|0x0000000082f00000, 0x0000000083000000, 0x0000000083000000|100%| O|  |TAMS 0x0000000083000000, 0x0000000082f00000| Untracked 
|  48|0x0000000083000000, 0x0000000083100000, 0x0000000083100000|100%| O|  |TAMS 0x0000000083100000, 0x0000000083000000| Untracked 
|  49|0x0000000083100000, 0x0000000083200000, 0x0000000083200000|100%| O|  |TAMS 0x0000000083200000, 0x0000000083100000| Untracked 
|  50|0x0000000083200000, 0x0000000083300000, 0x0000000083300000|100%| O|  |TAMS 0x0000000083300000, 0x0000000083200000| Complete 
|  51|0x0000000083300000, 0x0000000083400000, 0x0000000083400000|100%| O|  |TAMS 0x0000000083400000, 0x0000000083300000| Complete 
|  52|0x0000000083400000, 0x0000000083500000, 0x0000000083500000|100%| O|  |TAMS 0x0000000083500000, 0x0000000083400000| Complete 
|  53|0x0000000083500000, 0x0000000083500000, 0x0000000083600000|  0%| F|  |TAMS 0x0000000083500000, 0x0000000083500000| Untracked 
|  54|0x0000000083600000, 0x0000000083700000, 0x0000000083700000|100%| O|  |TAMS 0x0000000083700000, 0x0000000083600000| Untracked 
|  55|0x0000000083700000, 0x0000000083800000, 0x0000000083800000|100%| O|  |TAMS 0x0000000083800000, 0x0000000083700000| Complete 
|  56|0x0000000083800000, 0x0000000083900000, 0x0000000083900000|100%| O|  |TAMS 0x0000000083900000, 0x0000000083800000| Complete 
|  57|0x0000000083900000, 0x0000000083a00000, 0x0000000083a00000|100%| O|  |TAMS 0x0000000083900000, 0x0000000083900000| Untracked 
|  58|0x0000000083a00000, 0x0000000083b00000, 0x0000000083b00000|100%| O|  |TAMS 0x0000000083b00000, 0x0000000083a00000| Untracked 
|  59|0x0000000083b00000, 0x0000000083c00000, 0x0000000083c00000|100%| O|  |TAMS 0x0000000083b00000, 0x0000000083b00000| Untracked 
|  60|0x0000000083c00000, 0x0000000083d00000, 0x0000000083d00000|100%| O|  |TAMS 0x0000000083c00000, 0x0000000083c00000| Untracked 
|  61|0x0000000083d00000, 0x0000000083d00000, 0x0000000083e00000|  0%| F|  |TAMS 0x0000000083d00000, 0x0000000083d00000| Untracked 
|  62|0x0000000083e00000, 0x0000000083eca000, 0x0000000083f00000| 78%| O|  |TAMS 0x0000000083e00000, 0x0000000083e00000| Untracked 
|  63|0x0000000083f00000, 0x0000000084000000, 0x0000000084000000|100%| O|  |TAMS 0x0000000084000000, 0x0000000083f00000| Untracked 
|  64|0x0000000084000000, 0x0000000084100000, 0x0000000084100000|100%| O|  |TAMS 0x0000000084100000, 0x0000000084000000| Complete 
|  65|0x0000000084100000, 0x0000000084200000, 0x0000000084200000|100%|HS|  |TAMS 0x0000000084200000, 0x0000000084100000| Complete 
|  66|0x0000000084200000, 0x0000000084300000, 0x0000000084300000|100%|HC|  |TAMS 0x0000000084300000, 0x0000000084200000| Complete 
|  67|0x0000000084300000, 0x0000000084400000, 0x0000000084400000|100%| O|  |TAMS 0x0000000084400000, 0x0000000084300000| Complete 
|  68|0x0000000084400000, 0x0000000084500000, 0x0000000084500000|100%| O|  |TAMS 0x0000000084500000, 0x0000000084400000| Complete 
|  69|0x0000000084500000, 0x0000000084500000, 0x0000000084600000|  0%| F|  |TAMS 0x0000000084500000, 0x0000000084500000| Untracked 
|  70|0x0000000084600000, 0x0000000084700000, 0x0000000084700000|100%| O|  |TAMS 0x0000000084700000, 0x0000000084600000| Untracked 
|  71|0x0000000084700000, 0x0000000084700000, 0x0000000084800000|  0%| F|  |TAMS 0x0000000084700000, 0x0000000084700000| Untracked 
|  72|0x0000000084800000, 0x0000000084900000, 0x0000000084900000|100%| O|  |TAMS 0x0000000084900000, 0x0000000084800000| Complete 
|  73|0x0000000084900000, 0x0000000084a00000, 0x0000000084a00000|100%| O|  |TAMS 0x0000000084a00000, 0x0000000084900000| Untracked 
|  74|0x0000000084a00000, 0x0000000084a00000, 0x0000000084b00000|  0%| F|  |TAMS 0x0000000084a00000, 0x0000000084a00000| Untracked 
|  75|0x0000000084b00000, 0x0000000084c00000, 0x0000000084c00000|100%|HS|  |TAMS 0x0000000084c00000, 0x0000000084b00000| Complete 
|  76|0x0000000084c00000, 0x0000000084d00000, 0x0000000084d00000|100%|HC|  |TAMS 0x0000000084d00000, 0x0000000084c00000| Complete 
|  77|0x0000000084d00000, 0x0000000084e00000, 0x0000000084e00000|100%|HC|  |TAMS 0x0000000084e00000, 0x0000000084d00000| Complete 
|  78|0x0000000084e00000, 0x0000000084f00000, 0x0000000084f00000|100%|HS|  |TAMS 0x0000000084f00000, 0x0000000084e00000| Complete 
|  79|0x0000000084f00000, 0x0000000085000000, 0x0000000085000000|100%|HC|  |TAMS 0x0000000085000000, 0x0000000084f00000| Complete 
|  80|0x0000000085000000, 0x0000000085100000, 0x0000000085100000|100%|HC|  |TAMS 0x0000000085100000, 0x0000000085000000| Complete 
|  81|0x0000000085100000, 0x0000000085200000, 0x0000000085200000|100%|HS|  |TAMS 0x0000000085200000, 0x0000000085100000| Complete 
|  82|0x0000000085200000, 0x0000000085300000, 0x0000000085300000|100%|HC|  |TAMS 0x0000000085300000, 0x0000000085200000| Complete 
|  83|0x0000000085300000, 0x0000000085400000, 0x0000000085400000|100%|HC|  |TAMS 0x0000000085400000, 0x0000000085300000| Complete 
|  84|0x0000000085400000, 0x0000000085500000, 0x0000000085500000|100%|HC|  |TAMS 0x0000000085500000, 0x0000000085400000| Complete 
|  85|0x0000000085500000, 0x0000000085600000, 0x0000000085600000|100%|HS|  |TAMS 0x0000000085600000, 0x0000000085500000| Complete 
|  86|0x0000000085600000, 0x0000000085700000, 0x0000000085700000|100%|HC|  |TAMS 0x0000000085700000, 0x0000000085600000| Complete 
|  87|0x0000000085700000, 0x0000000085800000, 0x0000000085800000|100%|HC|  |TAMS 0x0000000085800000, 0x0000000085700000| Complete 
|  88|0x0000000085800000, 0x0000000085900000, 0x0000000085900000|100%|HC|  |TAMS 0x0000000085900000, 0x0000000085800000| Complete 
|  89|0x0000000085900000, 0x0000000085a00000, 0x0000000085a00000|100%|HC|  |TAMS 0x0000000085a00000, 0x0000000085900000| Complete 
|  90|0x0000000085a00000, 0x0000000085b00000, 0x0000000085b00000|100%|HS|  |TAMS 0x0000000085b00000, 0x0000000085a00000| Complete 
|  91|0x0000000085b00000, 0x0000000085c00000, 0x0000000085c00000|100%| O|  |TAMS 0x0000000085c00000, 0x0000000085b00000| Untracked 
|  92|0x0000000085c00000, 0x0000000085d00000, 0x0000000085d00000|100%| O|  |TAMS 0x0000000085d00000, 0x0000000085c00000| Untracked 
|  93|0x0000000085d00000, 0x0000000085d00000, 0x0000000085e00000|  0%| F|  |TAMS 0x0000000085d00000, 0x0000000085d00000| Untracked 
|  94|0x0000000085e00000, 0x0000000085e00000, 0x0000000085f00000|  0%| F|  |TAMS 0x0000000085e00000, 0x0000000085e00000| Untracked 
|  95|0x0000000085f00000, 0x0000000086000000, 0x0000000086000000|100%| O|  |TAMS 0x0000000086000000, 0x0000000085f00000| Complete 
|  96|0x0000000086000000, 0x0000000086100000, 0x0000000086100000|100%|HS|  |TAMS 0x0000000086100000, 0x0000000086000000| Complete 
|  97|0x0000000086100000, 0x0000000086200000, 0x0000000086200000|100%|HC|  |TAMS 0x0000000086200000, 0x0000000086100000| Complete 
|  98|0x0000000086200000, 0x0000000086300000, 0x0000000086300000|100%|HC|  |TAMS 0x0000000086300000, 0x0000000086200000| Complete 
|  99|0x0000000086300000, 0x0000000086400000, 0x0000000086400000|100%|HC|  |TAMS 0x0000000086400000, 0x0000000086300000| Complete 
| 100|0x0000000086400000, 0x0000000086500000, 0x0000000086500000|100%|HS|  |TAMS 0x0000000086500000, 0x0000000086400000| Complete 
| 101|0x0000000086500000, 0x0000000086600000, 0x0000000086600000|100%|HC|  |TAMS 0x0000000086600000, 0x0000000086500000| Complete 
| 102|0x0000000086600000, 0x0000000086700000, 0x0000000086700000|100%|HC|  |TAMS 0x0000000086700000, 0x0000000086600000| Complete 
| 103|0x0000000086700000, 0x0000000086800000, 0x0000000086800000|100%|HS|  |TAMS 0x0000000086800000, 0x0000000086700000| Complete 
| 104|0x0000000086800000, 0x0000000086900000, 0x0000000086900000|100%|HC|  |TAMS 0x0000000086900000, 0x0000000086800000| Complete 
| 105|0x0000000086900000, 0x0000000086a00000, 0x0000000086a00000|100%|HS|  |TAMS 0x0000000086a00000, 0x0000000086900000| Complete 
| 106|0x0000000086a00000, 0x0000000086b00000, 0x0000000086b00000|100%|HC|  |TAMS 0x0000000086b00000, 0x0000000086a00000| Complete 
| 107|0x0000000086b00000, 0x0000000086c00000, 0x0000000086c00000|100%|HC|  |TAMS 0x0000000086c00000, 0x0000000086b00000| Complete 
| 108|0x0000000086c00000, 0x0000000086c00000, 0x0000000086d00000|  0%| F|  |TAMS 0x0000000086c00000, 0x0000000086c00000| Untracked 
| 109|0x0000000086d00000, 0x0000000086d00000, 0x0000000086e00000|  0%| F|  |TAMS 0x0000000086d00000, 0x0000000086d00000| Untracked 
| 110|0x0000000086e00000, 0x0000000086e00000, 0x0000000086f00000|  0%| F|  |TAMS 0x0000000086e00000, 0x0000000086e00000| Untracked 
| 111|0x0000000086f00000, 0x0000000087000000, 0x0000000087000000|100%| O|  |TAMS 0x0000000086f00000, 0x0000000086f00000| Untracked 
| 112|0x0000000087000000, 0x0000000087100000, 0x0000000087100000|100%| O|  |TAMS 0x0000000087000000, 0x0000000087000000| Untracked 
| 113|0x0000000087100000, 0x0000000087200000, 0x0000000087200000|100%|HS|  |TAMS 0x0000000087200000, 0x0000000087100000| Complete 
| 114|0x0000000087200000, 0x0000000087300000, 0x0000000087300000|100%|HC|  |TAMS 0x0000000087300000, 0x0000000087200000| Complete 
| 115|0x0000000087300000, 0x0000000087400000, 0x0000000087400000|100%|HC|  |TAMS 0x0000000087400000, 0x0000000087300000| Complete 
| 116|0x0000000087400000, 0x0000000087500000, 0x0000000087500000|100%|HC|  |TAMS 0x0000000087500000, 0x0000000087400000| Complete 
| 117|0x0000000087500000, 0x0000000087600000, 0x0000000087600000|100%|HC|  |TAMS 0x0000000087600000, 0x0000000087500000| Complete 
| 118|0x0000000087600000, 0x0000000087700000, 0x0000000087700000|100%| O|  |TAMS 0x0000000087700000, 0x0000000087600000| Complete 
| 119|0x0000000087700000, 0x0000000087700000, 0x0000000087800000|  0%| F|  |TAMS 0x0000000087700000, 0x0000000087700000| Untracked 
| 120|0x0000000087800000, 0x0000000087800000, 0x0000000087900000|  0%| F|  |TAMS 0x0000000087800000, 0x0000000087800000| Untracked 
| 121|0x0000000087900000, 0x0000000087a00000, 0x0000000087a00000|100%| O|  |TAMS 0x0000000087a00000, 0x0000000087900000| Complete 
| 122|0x0000000087a00000, 0x0000000087b00000, 0x0000000087b00000|100%| O|  |TAMS 0x0000000087a00000, 0x0000000087a00000| Untracked 
| 123|0x0000000087b00000, 0x0000000087c00000, 0x0000000087c00000|100%|HS|  |TAMS 0x0000000087c00000, 0x0000000087b00000| Complete 
| 124|0x0000000087c00000, 0x0000000087d00000, 0x0000000087d00000|100%|HC|  |TAMS 0x0000000087d00000, 0x0000000087c00000| Complete 
| 125|0x0000000087d00000, 0x0000000087e00000, 0x0000000087e00000|100%|HS|  |TAMS 0x0000000087e00000, 0x0000000087d00000| Complete 
| 126|0x0000000087e00000, 0x0000000087f00000, 0x0000000087f00000|100%|HC|  |TAMS 0x0000000087f00000, 0x0000000087e00000| Complete 
| 127|0x0000000087f00000, 0x0000000088000000, 0x0000000088000000|100%|HC|  |TAMS 0x0000000088000000, 0x0000000087f00000| Complete 
| 128|0x0000000088000000, 0x0000000088100000, 0x0000000088100000|100%|HS|  |TAMS 0x0000000088100000, 0x0000000088000000| Complete 
| 129|0x0000000088100000, 0x0000000088200000, 0x0000000088200000|100%|HC|  |TAMS 0x0000000088200000, 0x0000000088100000| Complete 
| 130|0x0000000088200000, 0x0000000088300000, 0x0000000088300000|100%|HC|  |TAMS 0x0000000088300000, 0x0000000088200000| Complete 
| 131|0x0000000088300000, 0x0000000088400000, 0x0000000088400000|100%|HS|  |TAMS 0x0000000088400000, 0x0000000088300000| Complete 
| 132|0x0000000088400000, 0x0000000088500000, 0x0000000088500000|100%|HC|  |TAMS 0x0000000088500000, 0x0000000088400000| Complete 
| 133|0x0000000088500000, 0x0000000088600000, 0x0000000088600000|100%|HC|  |TAMS 0x0000000088600000, 0x0000000088500000| Complete 
| 134|0x0000000088600000, 0x0000000088700000, 0x0000000088700000|100%|HC|  |TAMS 0x0000000088700000, 0x0000000088600000| Complete 
| 135|0x0000000088700000, 0x0000000088800000, 0x0000000088800000|100%|HS|  |TAMS 0x0000000088800000, 0x0000000088700000| Complete 
| 136|0x0000000088800000, 0x0000000088900000, 0x0000000088900000|100%|HC|  |TAMS 0x0000000088900000, 0x0000000088800000| Complete 
| 137|0x0000000088900000, 0x0000000088a00000, 0x0000000088a00000|100%|HC|  |TAMS 0x0000000088a00000, 0x0000000088900000| Complete 
| 138|0x0000000088a00000, 0x0000000088b00000, 0x0000000088b00000|100%|HC|  |TAMS 0x0000000088b00000, 0x0000000088a00000| Complete 
| 139|0x0000000088b00000, 0x0000000088c00000, 0x0000000088c00000|100%|HC|  |TAMS 0x0000000088c00000, 0x0000000088b00000| Complete 
| 140|0x0000000088c00000, 0x0000000088d00000, 0x0000000088d00000|100%|HS|  |TAMS 0x0000000088d00000, 0x0000000088c00000| Complete 
| 141|0x0000000088d00000, 0x0000000088d00000, 0x0000000088e00000|  0%| F|  |TAMS 0x0000000088d00000, 0x0000000088d00000| Untracked 
| 142|0x0000000088e00000, 0x0000000088f00000, 0x0000000088f00000|100%| O|  |TAMS 0x0000000088f00000, 0x0000000088e00000| Complete 
| 143|0x0000000088f00000, 0x0000000089000000, 0x0000000089000000|100%| O|  |TAMS 0x0000000089000000, 0x0000000088f00000| Untracked 
| 144|0x0000000089000000, 0x0000000089000000, 0x0000000089100000|  0%| F|  |TAMS 0x0000000089000000, 0x0000000089000000| Untracked 
| 145|0x0000000089100000, 0x0000000089200000, 0x0000000089200000|100%| O|  |TAMS 0x0000000089200000, 0x0000000089100000| Complete 
| 146|0x0000000089200000, 0x0000000089200000, 0x0000000089300000|  0%| F|  |TAMS 0x0000000089200000, 0x0000000089200000| Untracked 
| 147|0x0000000089300000, 0x0000000089300000, 0x0000000089400000|  0%| F|  |TAMS 0x0000000089300000, 0x0000000089300000| Untracked 
| 148|0x0000000089400000, 0x0000000089400000, 0x0000000089500000|  0%| F|  |TAMS 0x0000000089400000, 0x0000000089400000| Untracked 
| 149|0x0000000089500000, 0x0000000089500000, 0x0000000089600000|  0%| F|  |TAMS 0x0000000089500000, 0x0000000089500000| Untracked 
| 150|0x0000000089600000, 0x0000000089700000, 0x0000000089700000|100%| O|  |TAMS 0x0000000089700000, 0x0000000089600000| Complete 
| 151|0x0000000089700000, 0x0000000089700000, 0x0000000089800000|  0%| F|  |TAMS 0x0000000089700000, 0x0000000089700000| Untracked 
| 152|0x0000000089800000, 0x0000000089900000, 0x0000000089900000|100%| O|  |TAMS 0x0000000089900000, 0x0000000089800000| Complete 
| 153|0x0000000089900000, 0x0000000089900000, 0x0000000089a00000|  0%| F|  |TAMS 0x0000000089900000, 0x0000000089900000| Untracked 
| 154|0x0000000089a00000, 0x0000000089b00000, 0x0000000089b00000|100%| O|  |TAMS 0x0000000089b00000, 0x0000000089a00000| Untracked 
| 155|0x0000000089b00000, 0x0000000089c00000, 0x0000000089c00000|100%| O|  |TAMS 0x0000000089c00000, 0x0000000089b00000| Complete 
| 156|0x0000000089c00000, 0x0000000089c00000, 0x0000000089d00000|  0%| F|  |TAMS 0x0000000089c00000, 0x0000000089c00000| Untracked 
| 157|0x0000000089d00000, 0x0000000089e00000, 0x0000000089e00000|100%| O|  |TAMS 0x0000000089e00000, 0x0000000089d00000| Untracked 
| 158|0x0000000089e00000, 0x0000000089f00000, 0x0000000089f00000|100%| O|  |TAMS 0x0000000089f00000, 0x0000000089e00000| Untracked 
| 159|0x0000000089f00000, 0x000000008a000000, 0x000000008a000000|100%| O|  |TAMS 0x000000008a000000, 0x0000000089f00000| Complete 
| 160|0x000000008a000000, 0x000000008a000000, 0x000000008a100000|  0%| F|  |TAMS 0x000000008a000000, 0x000000008a000000| Untracked 
| 161|0x000000008a100000, 0x000000008a200000, 0x000000008a200000|100%| O|  |TAMS 0x000000008a200000, 0x000000008a100000| Complete 
| 162|0x000000008a200000, 0x000000008a200000, 0x000000008a300000|  0%| F|  |TAMS 0x000000008a200000, 0x000000008a200000| Untracked 
| 163|0x000000008a300000, 0x000000008a300000, 0x000000008a400000|  0%| F|  |TAMS 0x000000008a300000, 0x000000008a300000| Untracked 
| 164|0x000000008a400000, 0x000000008a500000, 0x000000008a500000|100%| O|  |TAMS 0x000000008a500000, 0x000000008a400000| Untracked 
| 165|0x000000008a500000, 0x000000008a500000, 0x000000008a600000|  0%| F|  |TAMS 0x000000008a500000, 0x000000008a500000| Untracked 
| 166|0x000000008a600000, 0x000000008a700000, 0x000000008a700000|100%| O|  |TAMS 0x000000008a700000, 0x000000008a600000| Untracked 
| 167|0x000000008a700000, 0x000000008a800000, 0x000000008a800000|100%| O|  |TAMS 0x000000008a800000, 0x000000008a700000| Untracked 
| 168|0x000000008a800000, 0x000000008a900000, 0x000000008a900000|100%| O|  |TAMS 0x000000008a900000, 0x000000008a800000| Untracked 
| 169|0x000000008a900000, 0x000000008aa00000, 0x000000008aa00000|100%| O|  |TAMS 0x000000008aa00000, 0x000000008a900000| Complete 
| 170|0x000000008aa00000, 0x000000008ab00000, 0x000000008ab00000|100%| O|  |TAMS 0x000000008ab00000, 0x000000008aa00000| Untracked 
| 171|0x000000008ab00000, 0x000000008ac00000, 0x000000008ac00000|100%| O|  |TAMS 0x000000008ac00000, 0x000000008ab00000| Untracked 
| 172|0x000000008ac00000, 0x000000008ad00000, 0x000000008ad00000|100%| O|  |TAMS 0x000000008ad00000, 0x000000008ac00000| Untracked 
| 173|0x000000008ad00000, 0x000000008ae00000, 0x000000008ae00000|100%| O|  |TAMS 0x000000008ae00000, 0x000000008ad00000| Untracked 
| 174|0x000000008ae00000, 0x000000008af00000, 0x000000008af00000|100%| O|  |TAMS 0x000000008af00000, 0x000000008ae00000| Complete 
| 175|0x000000008af00000, 0x000000008b000000, 0x000000008b000000|100%| O|  |TAMS 0x000000008b000000, 0x000000008af00000| Complete 
| 176|0x000000008b000000, 0x000000008b100000, 0x000000008b100000|100%| O|  |TAMS 0x000000008b100000, 0x000000008b000000| Complete 
| 177|0x000000008b100000, 0x000000008b200000, 0x000000008b200000|100%| O|  |TAMS 0x000000008b200000, 0x000000008b100000| Complete 
| 178|0x000000008b200000, 0x000000008b300000, 0x000000008b300000|100%| O|  |TAMS 0x000000008b300000, 0x000000008b200000| Complete 
| 179|0x000000008b300000, 0x000000008b400000, 0x000000008b400000|100%| O|  |TAMS 0x000000008b400000, 0x000000008b300000| Untracked 
| 180|0x000000008b400000, 0x000000008b500000, 0x000000008b500000|100%| O|  |TAMS 0x000000008b500000, 0x000000008b400000| Complete 
| 181|0x000000008b500000, 0x000000008b600000, 0x000000008b600000|100%| O|  |TAMS 0x000000008b600000, 0x000000008b500000| Untracked 
| 182|0x000000008b600000, 0x000000008b700000, 0x000000008b700000|100%| O|  |TAMS 0x000000008b700000, 0x000000008b600000| Complete 
| 183|0x000000008b700000, 0x000000008b800000, 0x000000008b800000|100%| O|  |TAMS 0x000000008b800000, 0x000000008b700000| Complete 
| 184|0x000000008b800000, 0x000000008b900000, 0x000000008b900000|100%| O|  |TAMS 0x000000008b900000, 0x000000008b800000| Complete 
| 185|0x000000008b900000, 0x000000008b900000, 0x000000008ba00000|  0%| F|  |TAMS 0x000000008b900000, 0x000000008b900000| Untracked 
| 186|0x000000008ba00000, 0x000000008bb00000, 0x000000008bb00000|100%| O|  |TAMS 0x000000008bb00000, 0x000000008ba00000| Complete 
| 187|0x000000008bb00000, 0x000000008bc00000, 0x000000008bc00000|100%| O|  |TAMS 0x000000008bc00000, 0x000000008bb00000| Complete 
| 188|0x000000008bc00000, 0x000000008bc00000, 0x000000008bd00000|  0%| F|  |TAMS 0x000000008bc00000, 0x000000008bc00000| Untracked 
| 189|0x000000008bd00000, 0x000000008be00000, 0x000000008be00000|100%| O|  |TAMS 0x000000008be00000, 0x000000008bd00000| Complete 
| 190|0x000000008be00000, 0x000000008bf00000, 0x000000008bf00000|100%| O|  |TAMS 0x000000008bf00000, 0x000000008be00000| Complete 
| 191|0x000000008bf00000, 0x000000008c000000, 0x000000008c000000|100%| O|  |TAMS 0x000000008c000000, 0x000000008bf00000| Untracked 
| 192|0x000000008c000000, 0x000000008c100000, 0x000000008c100000|100%| O|  |TAMS 0x000000008c100000, 0x000000008c000000| Untracked 
| 193|0x000000008c100000, 0x000000008c200000, 0x000000008c200000|100%| O|  |TAMS 0x000000008c200000, 0x000000008c100000| Untracked 
| 194|0x000000008c200000, 0x000000008c300000, 0x000000008c300000|100%| O|  |TAMS 0x000000008c300000, 0x000000008c200000| Complete 
| 195|0x000000008c300000, 0x000000008c400000, 0x000000008c400000|100%| O|  |TAMS 0x000000008c400000, 0x000000008c300000| Untracked 
| 196|0x000000008c400000, 0x000000008c400000, 0x000000008c500000|  0%| F|  |TAMS 0x000000008c400000, 0x000000008c400000| Untracked 
| 197|0x000000008c500000, 0x000000008c600000, 0x000000008c600000|100%| O|  |TAMS 0x000000008c600000, 0x000000008c500000| Untracked 
| 198|0x000000008c600000, 0x000000008c700000, 0x000000008c700000|100%| O|  |TAMS 0x000000008c700000, 0x000000008c600000| Untracked 
| 199|0x000000008c700000, 0x000000008c800000, 0x000000008c800000|100%| O|  |TAMS 0x000000008c800000, 0x000000008c700000| Untracked 
| 200|0x000000008c800000, 0x000000008c900000, 0x000000008c900000|100%| O|  |TAMS 0x000000008c900000, 0x000000008c800000| Untracked 
| 201|0x000000008c900000, 0x000000008ca00000, 0x000000008ca00000|100%| O|  |TAMS 0x000000008ca00000, 0x000000008c900000| Complete 
| 202|0x000000008ca00000, 0x000000008cb00000, 0x000000008cb00000|100%| O|  |TAMS 0x000000008cb00000, 0x000000008ca00000| Untracked 
| 203|0x000000008cb00000, 0x000000008cc00000, 0x000000008cc00000|100%| O|  |TAMS 0x000000008cc00000, 0x000000008cb00000| Complete 
| 204|0x000000008cc00000, 0x000000008cc00000, 0x000000008cd00000|  0%| F|  |TAMS 0x000000008cc00000, 0x000000008cc00000| Untracked 
| 205|0x000000008cd00000, 0x000000008cd00000, 0x000000008ce00000|  0%| F|  |TAMS 0x000000008cd00000, 0x000000008cd00000| Untracked 
| 206|0x000000008ce00000, 0x000000008ce00000, 0x000000008cf00000|  0%| F|  |TAMS 0x000000008ce00000, 0x000000008ce00000| Untracked 
| 207|0x000000008cf00000, 0x000000008cf00000, 0x000000008d000000|  0%| F|  |TAMS 0x000000008cf00000, 0x000000008cf00000| Untracked 
| 208|0x000000008d000000, 0x000000008d100000, 0x000000008d100000|100%| O|  |TAMS 0x000000008d100000, 0x000000008d000000| Complete 
| 209|0x000000008d100000, 0x000000008d200000, 0x000000008d200000|100%| O|  |TAMS 0x000000008d200000, 0x000000008d100000| Untracked 
| 210|0x000000008d200000, 0x000000008d300000, 0x000000008d300000|100%| O|  |TAMS 0x000000008d219800, 0x000000008d200000| Untracked 
| 211|0x000000008d300000, 0x000000008d400000, 0x000000008d400000|100%| O|  |TAMS 0x000000008d300000, 0x000000008d300000| Untracked 
| 212|0x000000008d400000, 0x000000008d500000, 0x000000008d500000|100%| O|  |TAMS 0x000000008d400000, 0x000000008d400000| Untracked 
| 213|0x000000008d500000, 0x000000008d600000, 0x000000008d600000|100%| O|  |TAMS 0x000000008d500000, 0x000000008d500000| Untracked 
| 214|0x000000008d600000, 0x000000008d700000, 0x000000008d700000|100%| O|  |TAMS 0x000000008d600000, 0x000000008d600000| Untracked 
| 215|0x000000008d700000, 0x000000008d700000, 0x000000008d800000|  0%| F|  |TAMS 0x000000008d700000, 0x000000008d700000| Untracked 
| 216|0x000000008d800000, 0x000000008d800000, 0x000000008d900000|  0%| F|  |TAMS 0x000000008d800000, 0x000000008d800000| Untracked 
| 217|0x000000008d900000, 0x000000008d900000, 0x000000008da00000|  0%| F|  |TAMS 0x000000008d900000, 0x000000008d900000| Untracked 
| 218|0x000000008da00000, 0x000000008da00000, 0x000000008db00000|  0%| F|  |TAMS 0x000000008da00000, 0x000000008da00000| Untracked 
| 219|0x000000008db00000, 0x000000008db00000, 0x000000008dc00000|  0%| F|  |TAMS 0x000000008db00000, 0x000000008db00000| Untracked 
| 220|0x000000008dc00000, 0x000000008dc00000, 0x000000008dd00000|  0%| F|  |TAMS 0x000000008dc00000, 0x000000008dc00000| Untracked 
| 221|0x000000008dd00000, 0x000000008dd00000, 0x000000008de00000|  0%| F|  |TAMS 0x000000008dd00000, 0x000000008dd00000| Untracked 
| 222|0x000000008de00000, 0x000000008de00000, 0x000000008df00000|  0%| F|  |TAMS 0x000000008de00000, 0x000000008de00000| Untracked 
| 223|0x000000008df00000, 0x000000008df00000, 0x000000008e000000|  0%| F|  |TAMS 0x000000008df00000, 0x000000008df00000| Untracked 
| 224|0x000000008e000000, 0x000000008e000000, 0x000000008e100000|  0%| F|  |TAMS 0x000000008e000000, 0x000000008e000000| Untracked 
| 225|0x000000008e100000, 0x000000008e100000, 0x000000008e200000|  0%| F|  |TAMS 0x000000008e100000, 0x000000008e100000| Untracked 
| 226|0x000000008e200000, 0x000000008e200000, 0x000000008e300000|  0%| F|  |TAMS 0x000000008e200000, 0x000000008e200000| Untracked 
| 227|0x000000008e300000, 0x000000008e300000, 0x000000008e400000|  0%| F|  |TAMS 0x000000008e300000, 0x000000008e300000| Untracked 
| 228|0x000000008e400000, 0x000000008e400000, 0x000000008e500000|  0%| F|  |TAMS 0x000000008e400000, 0x000000008e400000| Untracked 
| 229|0x000000008e500000, 0x000000008e500000, 0x000000008e600000|  0%| F|  |TAMS 0x000000008e500000, 0x000000008e500000| Untracked 
| 230|0x000000008e600000, 0x000000008e600000, 0x000000008e700000|  0%| F|  |TAMS 0x000000008e600000, 0x000000008e600000| Untracked 
| 231|0x000000008e700000, 0x000000008e700000, 0x000000008e800000|  0%| F|  |TAMS 0x000000008e700000, 0x000000008e700000| Untracked 
| 232|0x000000008e800000, 0x000000008e800000, 0x000000008e900000|  0%| F|  |TAMS 0x000000008e800000, 0x000000008e800000| Untracked 
| 233|0x000000008e900000, 0x000000008e900000, 0x000000008ea00000|  0%| F|  |TAMS 0x000000008e900000, 0x000000008e900000| Untracked 
| 234|0x000000008ea00000, 0x000000008ea00000, 0x000000008eb00000|  0%| F|  |TAMS 0x000000008ea00000, 0x000000008ea00000| Untracked 
| 235|0x000000008eb00000, 0x000000008eb00000, 0x000000008ec00000|  0%| F|  |TAMS 0x000000008eb00000, 0x000000008eb00000| Untracked 
| 236|0x000000008ec00000, 0x000000008ec00000, 0x000000008ed00000|  0%| F|  |TAMS 0x000000008ec00000, 0x000000008ec00000| Untracked 
| 237|0x000000008ed00000, 0x000000008ed00000, 0x000000008ee00000|  0%| F|  |TAMS 0x000000008ed00000, 0x000000008ed00000| Untracked 
| 238|0x000000008ee00000, 0x000000008ee00000, 0x000000008ef00000|  0%| F|  |TAMS 0x000000008ee00000, 0x000000008ee00000| Untracked 
| 239|0x000000008ef00000, 0x000000008ef00000, 0x000000008f000000|  0%| F|  |TAMS 0x000000008ef00000, 0x000000008ef00000| Untracked 
| 240|0x000000008f000000, 0x000000008f000000, 0x000000008f100000|  0%| F|  |TAMS 0x000000008f000000, 0x000000008f000000| Untracked 
| 241|0x000000008f100000, 0x000000008f100000, 0x000000008f200000|  0%| F|  |TAMS 0x000000008f100000, 0x000000008f100000| Untracked 
| 242|0x000000008f200000, 0x000000008f200000, 0x000000008f300000|  0%| F|  |TAMS 0x000000008f200000, 0x000000008f200000| Untracked 
| 243|0x000000008f300000, 0x000000008f300000, 0x000000008f400000|  0%| F|  |TAMS 0x000000008f300000, 0x000000008f300000| Untracked 
| 244|0x000000008f400000, 0x000000008f400000, 0x000000008f500000|  0%| F|  |TAMS 0x000000008f400000, 0x000000008f400000| Untracked 
| 245|0x000000008f500000, 0x000000008f500000, 0x000000008f600000|  0%| F|  |TAMS 0x000000008f500000, 0x000000008f500000| Untracked 
| 246|0x000000008f600000, 0x000000008f600000, 0x000000008f700000|  0%| F|  |TAMS 0x000000008f600000, 0x000000008f600000| Untracked 
| 247|0x000000008f700000, 0x000000008f700000, 0x000000008f800000|  0%| F|  |TAMS 0x000000008f700000, 0x000000008f700000| Untracked 
| 248|0x000000008f800000, 0x000000008f800000, 0x000000008f900000|  0%| F|  |TAMS 0x000000008f800000, 0x000000008f800000| Untracked 
| 249|0x000000008f900000, 0x000000008f900000, 0x000000008fa00000|  0%| F|  |TAMS 0x000000008f900000, 0x000000008f900000| Untracked 
| 250|0x000000008fa00000, 0x000000008fa00000, 0x000000008fb00000|  0%| F|  |TAMS 0x000000008fa00000, 0x000000008fa00000| Untracked 
| 251|0x000000008fb00000, 0x000000008fb00000, 0x000000008fc00000|  0%| F|  |TAMS 0x000000008fb00000, 0x000000008fb00000| Untracked 
| 252|0x000000008fc00000, 0x000000008fc00000, 0x000000008fd00000|  0%| F|  |TAMS 0x000000008fc00000, 0x000000008fc00000| Untracked 
| 253|0x000000008fd00000, 0x000000008fd00000, 0x000000008fe00000|  0%| F|  |TAMS 0x000000008fd00000, 0x000000008fd00000| Untracked 
| 254|0x000000008fe00000, 0x000000008fe00000, 0x000000008ff00000|  0%| F|  |TAMS 0x000000008fe00000, 0x000000008fe00000| Untracked 
| 255|0x000000008ff00000, 0x000000008ff00000, 0x0000000090000000|  0%| F|  |TAMS 0x000000008ff00000, 0x000000008ff00000| Untracked 
| 256|0x0000000090000000, 0x0000000090000000, 0x0000000090100000|  0%| F|  |TAMS 0x0000000090000000, 0x0000000090000000| Untracked 
| 257|0x0000000090100000, 0x0000000090100000, 0x0000000090200000|  0%| F|  |TAMS 0x0000000090100000, 0x0000000090100000| Untracked 
| 258|0x0000000090200000, 0x0000000090200000, 0x0000000090300000|  0%| F|  |TAMS 0x0000000090200000, 0x0000000090200000| Untracked 
| 259|0x0000000090300000, 0x0000000090300000, 0x0000000090400000|  0%| F|  |TAMS 0x0000000090300000, 0x0000000090300000| Untracked 
| 260|0x0000000090400000, 0x0000000090400000, 0x0000000090500000|  0%| F|  |TAMS 0x0000000090400000, 0x0000000090400000| Untracked 
| 261|0x0000000090500000, 0x0000000090500000, 0x0000000090600000|  0%| F|  |TAMS 0x0000000090500000, 0x0000000090500000| Untracked 
| 262|0x0000000090600000, 0x0000000090600000, 0x0000000090700000|  0%| F|  |TAMS 0x0000000090600000, 0x0000000090600000| Untracked 
| 263|0x0000000090700000, 0x0000000090700000, 0x0000000090800000|  0%| F|  |TAMS 0x0000000090700000, 0x0000000090700000| Untracked 
| 264|0x0000000090800000, 0x0000000090800000, 0x0000000090900000|  0%| F|  |TAMS 0x0000000090800000, 0x0000000090800000| Untracked 
| 265|0x0000000090900000, 0x00000000909bdb18, 0x0000000090a00000| 74%| S|CS|TAMS 0x0000000090900000, 0x0000000090900000| Complete 
| 266|0x0000000090a00000, 0x0000000090a00000, 0x0000000090b00000|  0%| F|  |TAMS 0x0000000090a00000, 0x0000000090a00000| Untracked 
| 267|0x0000000090b00000, 0x0000000090b00000, 0x0000000090c00000|  0%| F|  |TAMS 0x0000000090b00000, 0x0000000090b00000| Untracked 
| 268|0x0000000090c00000, 0x0000000090c00000, 0x0000000090d00000|  0%| F|  |TAMS 0x0000000090c00000, 0x0000000090c00000| Untracked 
| 269|0x0000000090d00000, 0x0000000090d00000, 0x0000000090e00000|  0%| F|  |TAMS 0x0000000090d00000, 0x0000000090d00000| Untracked 
| 270|0x0000000090e00000, 0x0000000090e00000, 0x0000000090f00000|  0%| F|  |TAMS 0x0000000090e00000, 0x0000000090e00000| Untracked 
| 271|0x0000000090f00000, 0x0000000090f00000, 0x0000000091000000|  0%| F|  |TAMS 0x0000000090f00000, 0x0000000090f00000| Untracked 
| 272|0x0000000091000000, 0x0000000091000000, 0x0000000091100000|  0%| F|  |TAMS 0x0000000091000000, 0x0000000091000000| Untracked 
| 273|0x0000000091100000, 0x0000000091100000, 0x0000000091200000|  0%| F|  |TAMS 0x0000000091100000, 0x0000000091100000| Untracked 
| 274|0x0000000091200000, 0x0000000091200000, 0x0000000091300000|  0%| F|  |TAMS 0x0000000091200000, 0x0000000091200000| Untracked 
| 275|0x0000000091300000, 0x0000000091300000, 0x0000000091400000|  0%| F|  |TAMS 0x0000000091300000, 0x0000000091300000| Untracked 
| 276|0x0000000091400000, 0x0000000091400000, 0x0000000091500000|  0%| F|  |TAMS 0x0000000091400000, 0x0000000091400000| Untracked 
| 277|0x0000000091500000, 0x0000000091500000, 0x0000000091600000|  0%| F|  |TAMS 0x0000000091500000, 0x0000000091500000| Untracked 
| 278|0x0000000091600000, 0x0000000091600000, 0x0000000091700000|  0%| F|  |TAMS 0x0000000091600000, 0x0000000091600000| Untracked 
| 279|0x0000000091700000, 0x0000000091700000, 0x0000000091800000|  0%| F|  |TAMS 0x0000000091700000, 0x0000000091700000| Untracked 

Card table byte_map: [0x0000022f93390000,0x0000022f93790000] _byte_map_base: 0x0000022f92f90000

Marking Bits (Prev, Next): (CMBitMap*) 0x0000022fffa239c8, (CMBitMap*) 0x0000022fffa23a00
 Prev Bits: [0x0000022f93b90000, 0x0000022f95b90000)
 Next Bits: [0x0000022f95b90000, 0x0000022f97b90000)

Polling page: 0x0000022ffe150000

Metaspace:

Usage:
  Non-class:    117.06 MB capacity,   115.18 MB ( 98%) used,     1.53 MB (  1%) free+waste,   358.75 KB ( <1%) overhead. 
      Class:     16.88 MB capacity,    15.86 MB ( 94%) used,   897.69 KB (  5%) free+waste,   151.13 KB ( <1%) overhead. 
       Both:    133.94 MB capacity,   131.04 MB ( 98%) used,     2.40 MB (  2%) free+waste,   509.88 KB ( <1%) overhead. 

Virtual space:
  Non-class space:      118.00 MB reserved,     117.67 MB (>99%) committed 
      Class space:        1.00 GB reserved,      17.16 MB (  2%) committed 
             Both:        1.12 GB reserved,     134.83 MB ( 12%) committed 

Chunk freelists:
   Non-Class:  497.00 KB
       Class:  184.00 KB
        Both:  681.00 KB

MaxMetaspaceSize: 17179869184.00 GB
CompressedClassSpaceSize: 1.00 GB
Initial GC threshold: 20.80 MB
Current GC threshold: 224.71 MB
CDS: off

CodeHeap 'non-profiled nmethods': size=120000Kb used=14401Kb max_used=14907Kb free=105598Kb
 bounds [0x0000022f8b510000, 0x0000022f8c3a0000, 0x0000022f92a40000]
CodeHeap 'profiled nmethods': size=120000Kb used=44197Kb max_used=46335Kb free=75802Kb
 bounds [0x0000022f83fe0000, 0x0000022f86d30000, 0x0000022f8b510000]
CodeHeap 'non-nmethods': size=5760Kb used=2462Kb max_used=2536Kb free=3297Kb
 bounds [0x0000022f83a40000, 0x0000022f83cd0000, 0x0000022f83fe0000]
 total_blobs=20731 nmethods=19732 adapters=910
 compilation: enabled
              stopped_count=0, restarted_count=0
 full_count=0

Compilation events (20 events):
Event: 6744.499 Thread 0x0000022f9a5ef000 nmethod 21696 0x0000022f8435fe90 code [0x0000022f84360040, 0x0000022f843601d8]
Event: 6744.499 Thread 0x0000022f9d5eb000 nmethod 21695 0x0000022f8b88bb10 code [0x0000022f8b88bca0, 0x0000022f8b88bd78]
Event: 6744.499 Thread 0x0000022f9d5eb000 21697       4       com.android.aaptcompiler.StringPool$Context::<init> (39 bytes)
Event: 6744.508 Thread 0x0000022f9a5ef000 21700 %     2       java.lang.StringLatin1::compareToCI @ 16 (108 bytes)
Event: 6744.509 Thread 0x0000022f9a5ef000 nmethod 21700% 0x0000022f84040f90 code [0x0000022f840411a0, 0x0000022f840415d8]
Event: 6744.514 Thread 0x0000022f9a5ef000 21703       3       com.sun.org.apache.xerces.internal.utils.XMLSecurityManager::readSystemProperties (99 bytes)
Event: 6744.515 Thread 0x0000022f9d5eb000 nmethod 21697 0x0000022f8b94ef10 code [0x0000022f8b94f100, 0x0000022f8b950958]
Event: 6744.515 Thread 0x0000022f9d5eb000 21701       4       java.lang.Character::toLowerCase (6 bytes)
Event: 6744.515 Thread 0x0000022f9a5ef000 nmethod 21703 0x0000022f842f6e90 code [0x0000022f842f70e0, 0x0000022f842f79c8]
Event: 6744.516 Thread 0x0000022f9a5ef000 21707       3       com.android.aaptcompiler.buffer.BigBuffer$BlockRef::<init> (26 bytes)
Event: 6744.517 Thread 0x0000022f9d5eb000 nmethod 21701 0x0000022f8b99e390 code [0x0000022f8b99e540, 0x0000022f8b99e658]
Event: 6744.517 Thread 0x0000022f9d5eb000 21704       4       java.lang.AbstractStringBuilder::substring (40 bytes)
Event: 6744.517 Thread 0x0000022f9a5ef000 nmethod 21707 0x0000022f8456d610 code [0x0000022f8456d840, 0x0000022f8456deb8]
Event: 6744.517 Thread 0x0000022f9a5ef000 21708       3       com.android.aaptcompiler.buffer.BigBuffer::nextBlock (181 bytes)
Event: 6744.519 Thread 0x0000022f9a5ef000 nmethod 21708 0x0000022f846ea510 code [0x0000022f846ea8e0, 0x0000022f846ec288]
Event: 6744.519 Thread 0x0000022f9a5ef000 21709       1       com.sun.xml.internal.stream.Entity$ScannedEntity::isExternal (5 bytes)
Event: 6744.519 Thread 0x0000022f9a5ef000 nmethod 21709 0x0000022f8b568990 code [0x0000022f8b568b40, 0x0000022f8b568bf8]
Event: 6744.520 Thread 0x0000022f9a5ef000 21711       3       com.sun.org.apache.xerces.internal.utils.XMLSecurityManager::setLimit (25 bytes)
Event: 6744.520 Thread 0x0000022f9a5ef000 nmethod 21711 0x0000022f842b8190 code [0x0000022f842b8360, 0x0000022f842b8538]
Event: 6744.520 Thread 0x0000022f9a5ef000 21713       3       com.sun.org.apache.xerces.internal.utils.XMLSecurityPropertyManager::getIndex (45 bytes)

GC Heap History (20 events):
Event: 6736.854 GC heap after
{Heap after GC invocations=96 (full 0):
 garbage-first heap   total 286720K, used 197101K [0x0000000080000000, 0x0000000100000000)
  region size 1024K, 6 young (6144K), 6 survivors (6144K)
 Metaspace       used 127971K, capacity 130878K, committed 131792K, reserved 1165312K
  class space    used 15675K, capacity 16684K, committed 16928K, reserved 1048576K
}
Event: 6738.539 GC heap before
{Heap before GC invocations=97 (full 0):
 garbage-first heap   total 286720K, used 244205K [0x0000000080000000, 0x0000000100000000)
  region size 1024K, 44 young (45056K), 6 survivors (6144K)
 Metaspace       used 130114K, capacity 133063K, committed 133840K, reserved 1165312K
  class space    used 15935K, capacity 16987K, committed 17184K, reserved 1048576K
}
Event: 6738.571 GC heap after
{Heap after GC invocations=98 (full 0):
 garbage-first heap   total 286720K, used 201435K [0x0000000080000000, 0x0000000100000000)
  region size 1024K, 5 young (5120K), 5 survivors (5120K)
 Metaspace       used 130114K, capacity 133063K, committed 133840K, reserved 1165312K
  class space    used 15935K, capacity 16987K, committed 17184K, reserved 1048576K
}
Event: 6738.856 GC heap before
{Heap before GC invocations=98 (full 0):
 garbage-first heap   total 286720K, used 210651K [0x0000000080000000, 0x0000000100000000)
  region size 1024K, 14 young (14336K), 5 survivors (5120K)
 Metaspace       used 130192K, capacity 133063K, committed 133840K, reserved 1165312K
  class space    used 15943K, capacity 16987K, committed 17184K, reserved 1048576K
}
Event: 6738.883 GC heap after
{Heap after GC invocations=99 (full 0):
 garbage-first heap   total 286720K, used 202716K [0x0000000080000000, 0x0000000100000000)
  region size 1024K, 2 young (2048K), 2 survivors (2048K)
 Metaspace       used 130192K, capacity 133063K, committed 133840K, reserved 1165312K
  class space    used 15943K, capacity 16987K, committed 17184K, reserved 1048576K
}
Event: 6738.938 GC heap before
{Heap before GC invocations=99 (full 0):
 garbage-first heap   total 286720K, used 203740K [0x0000000080000000, 0x0000000100000000)
  region size 1024K, 5 young (5120K), 2 survivors (2048K)
 Metaspace       used 130193K, capacity 133063K, committed 133840K, reserved 1165312K
  class space    used 15943K, capacity 16987K, committed 17184K, reserved 1048576K
}
Event: 6738.947 GC heap after
{Heap after GC invocations=100 (full 0):
 garbage-first heap   total 286720K, used 204123K [0x0000000080000000, 0x0000000100000000)
  region size 1024K, 4 young (4096K), 4 survivors (4096K)
 Metaspace       used 130193K, capacity 133063K, committed 133840K, reserved 1165312K
  class space    used 15943K, capacity 16987K, committed 17184K, reserved 1048576K
}
Event: 6739.378 GC heap before
{Heap before GC invocations=100 (full 0):
 garbage-first heap   total 286720K, used 243035K [0x0000000080000000, 0x0000000100000000)
  region size 1024K, 26 young (26624K), 4 survivors (4096K)
 Metaspace       used 130657K, capacity 133612K, committed 134480K, reserved 1167360K
  class space    used 15972K, capacity 17031K, committed 17312K, reserved 1048576K
}
Event: 6739.393 GC heap after
{Heap after GC invocations=101 (full 0):
 garbage-first heap   total 286720K, used 207738K [0x0000000080000000, 0x0000000100000000)
  region size 1024K, 4 young (4096K), 4 survivors (4096K)
 Metaspace       used 130657K, capacity 133612K, committed 134480K, reserved 1167360K
  class space    used 15972K, capacity 17031K, committed 17312K, reserved 1048576K
}
Event: 6739.991 GC heap before
{Heap before GC invocations=102 (full 0):
 garbage-first heap   total 286720K, used 230266K [0x0000000080000000, 0x0000000100000000)
  region size 1024K, 27 young (27648K), 4 survivors (4096K)
 Metaspace       used 131536K, capacity 134509K, committed 135248K, reserved 1167360K
  class space    used 16027K, capacity 17065K, committed 17312K, reserved 1048576K
}
Event: 6740.178 GC heap after
{Heap after GC invocations=103 (full 0):
 garbage-first heap   total 286720K, used 212606K [0x0000000080000000, 0x0000000100000000)
  region size 1024K, 4 young (4096K), 4 survivors (4096K)
 Metaspace       used 131536K, capacity 134509K, committed 135248K, reserved 1167360K
  class space    used 16027K, capacity 17065K, committed 17312K, reserved 1048576K
}
Event: 6740.301 GC heap before
{Heap before GC invocations=103 (full 0):
 garbage-first heap   total 286720K, used 222846K [0x0000000080000000, 0x0000000100000000)
  region size 1024K, 14 young (14336K), 4 survivors (4096K)
 Metaspace       used 131594K, capacity 134573K, committed 135504K, reserved 1167360K
  class space    used 16029K, capacity 17065K, committed 17312K, reserved 1048576K
}
Event: 6740.352 GC heap after
{Heap after GC invocations=104 (full 0):
 garbage-first heap   total 286720K, used 213800K [0x0000000080000000, 0x0000000100000000)
  region size 1024K, 2 young (2048K), 2 survivors (2048K)
 Metaspace       used 131594K, capacity 134573K, committed 135504K, reserved 1167360K
  class space    used 16029K, capacity 17065K, committed 17312K, reserved 1048576K
}
Event: 6741.530 GC heap before
{Heap before GC invocations=104 (full 0):
 garbage-first heap   total 286720K, used 235304K [0x0000000080000000, 0x0000000100000000)
  region size 1024K, 24 young (24576K), 2 survivors (2048K)
 Metaspace       used 133916K, capacity 136877K, committed 137680K, reserved 1169408K
  class space    used 16227K, capacity 17257K, committed 17440K, reserved 1048576K
}
Event: 6741.577 GC heap after
{Heap after GC invocations=105 (full 0):
 garbage-first heap   total 286720K, used 218214K [0x0000000080000000, 0x0000000100000000)
  region size 1024K, 3 young (3072K), 3 survivors (3072K)
 Metaspace       used 133916K, capacity 136877K, committed 137680K, reserved 1169408K
  class space    used 16227K, capacity 17257K, committed 17440K, reserved 1048576K
}
Event: 6742.596 GC heap before
{Heap before GC invocations=106 (full 0):
 garbage-first heap   total 286720K, used 235622K [0x0000000080000000, 0x0000000100000000)
  region size 1024K, 24 young (24576K), 3 survivors (3072K)
 Metaspace       used 134143K, capacity 137095K, committed 138064K, reserved 1169408K
  class space    used 16238K, capacity 17288K, committed 17568K, reserved 1048576K
}
Event: 6742.603 GC heap after
{Heap after GC invocations=107 (full 0):
 garbage-first heap   total 286720K, used 216036K [0x0000000080000000, 0x0000000100000000)
  region size 1024K, 3 young (3072K), 3 survivors (3072K)
 Metaspace       used 134143K, capacity 137095K, committed 138064K, reserved 1169408K
  class space    used 16238K, capacity 17288K, committed 17568K, reserved 1048576K
}
Event: 6743.847 GC heap before
{Heap before GC invocations=107 (full 0):
 garbage-first heap   total 286720K, used 227300K [0x0000000080000000, 0x0000000100000000)
  region size 1024K, 14 young (14336K), 3 survivors (3072K)
 Metaspace       used 134174K, capacity 137159K, committed 138064K, reserved 1169408K
  class space    used 16238K, capacity 17288K, committed 17568K, reserved 1048576K
}
Event: 6743.892 GC heap after
{Heap after GC invocations=108 (full 0):
 garbage-first heap   total 286720K, used 191939K [0x0000000080000000, 0x0000000100000000)
  region size 1024K, 1 young (1024K), 1 survivors (1024K)
 Metaspace       used 134174K, capacity 137159K, committed 138064K, reserved 1169408K
  class space    used 16238K, capacity 17288K, committed 17568K, reserved 1048576K
}
Event: 6744.521 GC heap before
{Heap before GC invocations=108 (full 0):
 garbage-first heap   total 286720K, used 205251K [0x0000000080000000, 0x0000000100000000)
  region size 1024K, 14 young (14336K), 1 survivors (1024K)
 Metaspace       used 134187K, capacity 137159K, committed 138064K, reserved 1169408K
  class space    used 16239K, capacity 17288K, committed 17568K, reserved 1048576K
}

Deoptimization events (20 events):
Event: 6742.782 Thread 0x0000022f9e1d6000 DEOPT PACKING pc=0x0000022f8c382060 sp=0x00000053cacfef50
Event: 6742.782 Thread 0x0000022f9e1d6000 DEOPT UNPACKING pc=0x0000022f83a8a1af sp=0x00000053cacfeeb0 mode 2
Event: 6742.782 Thread 0x0000022f9e1d6000 Uncommon trap: trap_request=0xffffffbe fr.pc=0x0000022f8c382060 relative=0x0000000000001480
Event: 6742.782 Thread 0x0000022f9e1d6000 Uncommon trap: reason=profile_predicate action=maybe_recompile pc=0x0000022f8c382060 method=org.gradle.internal.file.FileHierarchySet$Node.isChildOfOrThis(Ljava/lang/String;I)Z @ 54 c2
Event: 6742.782 Thread 0x0000022f9e1d6000 DEOPT PACKING pc=0x0000022f8c382060 sp=0x00000053cacfeec0
Event: 6742.782 Thread 0x0000022f9e1d6000 DEOPT UNPACKING pc=0x0000022f83a8a1af sp=0x00000053cacfee20 mode 2
Event: 6743.023 Thread 0x0000022f9ee0e000 DEOPT PACKING pc=0x0000022f86ad85c6 sp=0x00000053d26fcbc0
Event: 6743.023 Thread 0x0000022f9ee0e000 DEOPT UNPACKING pc=0x0000022f83a8a95e sp=0x00000053d26fc100 mode 0
Event: 6743.025 Thread 0x0000022fa6566000 Uncommon trap: trap_request=0xffffff4d fr.pc=0x0000022f8c2d9d70 relative=0x00000000000007f0
Event: 6743.025 Thread 0x0000022fa6566000 Uncommon trap: reason=unstable_if action=reinterpret pc=0x0000022f8c2d9d70 method=com.sun.org.apache.xerces.internal.impl.io.UTF8Reader.read([CII)I @ 222 c2
Event: 6743.025 Thread 0x0000022fa6566000 DEOPT PACKING pc=0x0000022f8c2d9d70 sp=0x00000053d23fd930
Event: 6743.028 Thread 0x0000022f9ee0e000 DEOPT PACKING pc=0x0000022f86ad85c6 sp=0x00000053d26fc7f0
Event: 6743.028 Thread 0x0000022f9ee0e000 DEOPT UNPACKING pc=0x0000022f83a8a95e sp=0x00000053d26fbd30 mode 0
Event: 6743.042 Thread 0x0000022fa6566000 DEOPT UNPACKING pc=0x0000022f83a8a1af sp=0x00000053d23fd870 mode 2
Event: 6743.893 Thread 0x0000022fa6566000 DEOPT PACKING pc=0x0000022f86cad5b0 sp=0x00000053d23fd970
Event: 6743.893 Thread 0x0000022fa6566000 DEOPT UNPACKING pc=0x0000022f83a8a95e sp=0x00000053d23fce90 mode 0
Event: 6743.893 Thread 0x0000022fa6566000 Uncommon trap: trap_request=0xffffff4d fr.pc=0x0000022f8c217eac relative=0x00000000000002ec
Event: 6743.893 Thread 0x0000022fa6566000 Uncommon trap: reason=unstable_if action=reinterpret pc=0x0000022f8c217eac method=com.sun.org.apache.xerces.internal.impl.io.UTF8Reader.read([CII)I @ 131 c2
Event: 6743.893 Thread 0x0000022fa6566000 DEOPT PACKING pc=0x0000022f8c217eac sp=0x00000053d23fda60
Event: 6743.893 Thread 0x0000022fa6566000 DEOPT UNPACKING pc=0x0000022f83a8a1af sp=0x00000053d23fd998 mode 2

Classes redefined (0 events):
No events

Internal exceptions (20 events):
Event: 6733.946 Thread 0x0000022fa6562000 Exception <a 'sun/nio/fs/WindowsException'{0x000000008ea15920}> (0x000000008ea15920) thrown at [./src/hotspot/share/prims/jni.cpp, line 616]
Event: 6736.581 Thread 0x0000022fa6560800 Exception <a 'java/lang/NoSuchMethodError'{0x000000008f972120}: <clinit>> (0x000000008f972120) thrown at [./src/hotspot/share/prims/jni.cpp, line 1366]
Event: 6736.582 Thread 0x0000022fa6560800 Exception <a 'java/lang/NoSuchMethodError'{0x000000008f982658}: <clinit>> (0x000000008f982658) thrown at [./src/hotspot/share/prims/jni.cpp, line 1366]
Event: 6736.591 Thread 0x0000022fa6560800 Exception <a 'java/lang/NoSuchMethodError'{0x000000008f9f17d8}: <clinit>> (0x000000008f9f17d8) thrown at [./src/hotspot/share/prims/jni.cpp, line 1366]
Event: 6736.591 Thread 0x0000022fa6560800 Exception <a 'java/lang/NoSuchMethodError'{0x000000008f9f43a0}: <clinit>> (0x000000008f9f43a0) thrown at [./src/hotspot/share/prims/jni.cpp, line 1366]
Event: 6736.591 Thread 0x0000022fa6560800 Exception <a 'java/lang/NoSuchMethodError'{0x000000008f9f8d80}: <clinit>> (0x000000008f9f8d80) thrown at [./src/hotspot/share/prims/jni.cpp, line 1366]
Event: 6736.592 Thread 0x0000022fa6560800 Exception <a 'java/lang/NoSuchMethodError'{0x000000008f804f98}: <clinit>> (0x000000008f804f98) thrown at [./src/hotspot/share/prims/jni.cpp, line 1366]
Event: 6736.599 Thread 0x0000022fa6560800 Exception <a 'java/lang/NoSuchMethodError'{0x000000008f85c4e0}: <clinit>> (0x000000008f85c4e0) thrown at [./src/hotspot/share/prims/jni.cpp, line 1366]
Event: 6736.603 Thread 0x0000022fa6560800 Exception <a 'java/lang/NoSuchMethodError'{0x000000008f88e440}: <clinit>> (0x000000008f88e440) thrown at [./src/hotspot/share/prims/jni.cpp, line 1366]
Event: 6736.603 Thread 0x0000022fa6560800 Exception <a 'java/lang/NoSuchMethodError'{0x000000008f8918a8}: <clinit>> (0x000000008f8918a8) thrown at [./src/hotspot/share/prims/jni.cpp, line 1366]
Event: 6736.603 Thread 0x0000022fa6560800 Exception <a 'java/lang/NoSuchMethodError'{0x000000008f894518}: <clinit>> (0x000000008f894518) thrown at [./src/hotspot/share/prims/jni.cpp, line 1366]
Event: 6736.605 Thread 0x0000022fa6560800 Exception <a 'java/lang/NoSuchMethodError'{0x000000008f8ac528}: <clinit>> (0x000000008f8ac528) thrown at [./src/hotspot/share/prims/jni.cpp, line 1366]
Event: 6736.606 Thread 0x0000022fa6560800 Exception <a 'java/lang/NoSuchMethodError'{0x000000008f8c3848}: <clinit>> (0x000000008f8c3848) thrown at [./src/hotspot/share/prims/jni.cpp, line 1366]
Event: 6736.607 Thread 0x0000022fa6560800 Exception <a 'java/lang/NoSuchMethodError'{0x000000008f8d82c8}: <clinit>> (0x000000008f8d82c8) thrown at [./src/hotspot/share/prims/jni.cpp, line 1366]
Event: 6736.609 Thread 0x0000022fa6560800 Exception <a 'java/lang/NoSuchMethodError'{0x000000008f8facf0}: <clinit>> (0x000000008f8facf0) thrown at [./src/hotspot/share/prims/jni.cpp, line 1366]
Event: 6736.611 Thread 0x0000022fa6560800 Exception <a 'java/lang/NoSuchMethodError'{0x000000008f7203c8}: <clinit>> (0x000000008f7203c8) thrown at [./src/hotspot/share/prims/jni.cpp, line 1366]
Event: 6736.612 Thread 0x0000022fa6560800 Exception <a 'java/lang/NoSuchMethodError'{0x000000008f734988}: <clinit>> (0x000000008f734988) thrown at [./src/hotspot/share/prims/jni.cpp, line 1366]
Event: 6739.057 Thread 0x0000022fa6560800 Implicit null exception at 0x0000022f8c26082b to 0x0000022f8c265060
Event: 6739.181 Thread 0x0000022fa6560800 Exception <a 'java/lang/NoSuchMethodError'{0x00000000915a2668}: <clinit>> (0x00000000915a2668) thrown at [./src/hotspot/share/prims/jni.cpp, line 1366]
Event: 6739.206 Thread 0x0000022fa6560800 Exception <a 'java/lang/NoSuchMethodError'{0x0000000090fa8698}: <clinit>> (0x0000000090fa8698) thrown at [./src/hotspot/share/prims/jni.cpp, line 1366]

Events (20 events):
Event: 6744.185 Thread 0x0000022f9a5f2000 flushing nmethod 0x0000022f852dd910
Event: 6744.185 Thread 0x0000022f9a5f2000 flushing nmethod 0x0000022f852f0110
Event: 6744.185 Thread 0x0000022f9a5f2000 flushing nmethod 0x0000022f85305790
Event: 6744.185 Thread 0x0000022f9a5f2000 flushing nmethod 0x0000022f85306490
Event: 6744.185 Thread 0x0000022f9a5f2000 flushing nmethod 0x0000022f85316f10
Event: 6744.185 Thread 0x0000022f9a5f2000 flushing nmethod 0x0000022f85327310
Event: 6744.192 Thread 0x0000022f9a5f2000 flushing nmethod 0x0000022f85329990
Event: 6744.192 Thread 0x0000022f9a5f2000 flushing nmethod 0x0000022f8532da10
Event: 6744.193 Thread 0x0000022f9a5f2000 flushing nmethod 0x0000022f85428410
Event: 6744.193 Thread 0x0000022f9a5f2000 flushing nmethod 0x0000022f85472510
Event: 6744.193 Thread 0x0000022f9a5f2000 flushing nmethod 0x0000022f85524690
Event: 6744.193 Thread 0x0000022f9a5f2000 flushing nmethod 0x0000022f85525790
Event: 6744.194 Thread 0x0000022f9a5f2000 flushing nmethod 0x0000022f85590b10
Event: 6744.194 Thread 0x0000022f9a5f2000 flushing nmethod 0x0000022f85590e90
Event: 6744.196 Thread 0x0000022f9a5f2000 flushing nmethod 0x0000022f85aa6a90
Event: 6744.352 Thread 0x0000022f9d5eb000 Thread exited: 0x0000022f9d5eb000
Event: 6744.352 loading class com/android/aapt/ConfigurationOuterClass$1
Event: 6744.352 loading class com/android/aapt/ConfigurationOuterClass$1 done
Event: 6744.353 Thread 0x0000022f9d5eb000 Thread added: 0x0000022f9d5eb000
Event: 6744.521 Executing VM operation: G1CollectForAllocation


Dynamic libraries:
0x00007ff683b30000 - 0x00007ff683b3a000 	C:\Program Files\Android\Android Studio\jre\bin\java.exe
0x00007ffa44140000 - 0x00007ffa44347000 	C:\Windows\SYSTEM32\ntdll.dll
0x00007ffa43ab0000 - 0x00007ffa43b6d000 	C:\Windows\System32\KERNEL32.DLL
0x00007ffa41b70000 - 0x00007ffa41ee2000 	C:\Windows\System32\KERNELBASE.dll
0x00007ffa41ef0000 - 0x00007ffa42001000 	C:\Windows\System32\ucrtbase.dll
0x00007ffa25ae0000 - 0x00007ffa25af9000 	C:\Program Files\Android\Android Studio\jre\bin\jli.dll
0x00007ffa25890000 - 0x00007ffa258a7000 	C:\Program Files\Android\Android Studio\jre\bin\VCRUNTIME140.dll
0x00007ffa436a0000 - 0x00007ffa4384c000 	C:\Windows\System32\USER32.dll
0x00007ffa24dd0000 - 0x00007ffa25075000 	C:\Windows\WinSxS\amd64_microsoft.windows.common-controls_6595b64144ccf1df_6.0.21996.1_none_7d6b053978bcd706\COMCTL32.dll
0x00007ffa41b40000 - 0x00007ffa41b66000 	C:\Windows\System32\win32u.dll
0x00007ffa43b70000 - 0x00007ffa43c13000 	C:\Windows\System32\msvcrt.dll
0x00007ffa42c90000 - 0x00007ffa42cb9000 	C:\Windows\System32\GDI32.dll
0x00007ffa41780000 - 0x00007ffa41892000 	C:\Windows\System32\gdi32full.dll
0x00007ffa416e0000 - 0x00007ffa4177d000 	C:\Windows\System32\msvcp_win.dll
0x00007ffa43e40000 - 0x00007ffa43e71000 	C:\Windows\System32\IMM32.DLL
0x00007ffa0d670000 - 0x00007ffa0d70d000 	C:\Program Files\Android\Android Studio\jre\bin\msvcp140.dll
0x00007ff9c20f0000 - 0x00007ff9c2bf2000 	C:\Program Files\Android\Android Studio\jre\bin\server\jvm.dll
0x00007ffa44050000 - 0x00007ffa440fc000 	C:\Windows\System32\ADVAPI32.dll
0x00007ffa438c0000 - 0x00007ffa4395d000 	C:\Windows\System32\sechost.dll
0x00007ffa428b0000 - 0x00007ffa429d1000 	C:\Windows\System32\RPCRT4.dll
0x00007ffa42c80000 - 0x00007ffa42c88000 	C:\Windows\System32\PSAPI.DLL
0x00007ffa362d0000 - 0x00007ffa36303000 	C:\Windows\SYSTEM32\WINMM.dll
0x00007ffa36750000 - 0x00007ffa3675a000 	C:\Windows\SYSTEM32\VERSION.dll
0x00007ffa2b160000 - 0x00007ffa2b169000 	C:\Windows\SYSTEM32\WSOCK32.dll
0x00007ffa43960000 - 0x00007ffa439cf000 	C:\Windows\System32\WS2_32.dll
0x00007ffa40790000 - 0x00007ffa407a7000 	C:\Windows\SYSTEM32\kernel.appcore.dll
0x00007ffa36c70000 - 0x00007ffa36c81000 	C:\Program Files\Android\Android Studio\jre\bin\verify.dll
0x00007ffa3f200000 - 0x00007ffa3f421000 	C:\Windows\SYSTEM32\DBGHELP.DLL
0x00007ffa29e40000 - 0x00007ffa29e71000 	C:\Windows\SYSTEM32\dbgcore.DLL
0x00007ffa41660000 - 0x00007ffa416e0000 	C:\Windows\System32\bcryptPrimitives.dll
0x00007ffa35760000 - 0x00007ffa35789000 	C:\Program Files\Android\Android Studio\jre\bin\java.dll
0x00007ffa3a570000 - 0x00007ffa3a57b000 	C:\Program Files\Android\Android Studio\jre\bin\jimage.dll
0x00007ffa1c760000 - 0x00007ffa1c778000 	C:\Program Files\Android\Android Studio\jre\bin\zip.dll
0x00007ffa42f10000 - 0x00007ffa43679000 	C:\Windows\System32\SHELL32.dll
0x00007ffa3f820000 - 0x00007ffa40078000 	C:\Windows\SYSTEM32\windows.storage.dll
0x00007ffa42480000 - 0x00007ffa427f5000 	C:\Windows\System32\combase.dll
0x00007ffa3f6b0000 - 0x00007ffa3f816000 	C:\Windows\SYSTEM32\wintypes.dll
0x00007ffa429e0000 - 0x00007ffa42aca000 	C:\Windows\System32\SHCORE.dll
0x00007ffa42e10000 - 0x00007ffa42e6d000 	C:\Windows\System32\shlwapi.dll
0x00007ffa41590000 - 0x00007ffa415b1000 	C:\Windows\SYSTEM32\profapi.dll
0x00007ffa1c530000 - 0x00007ffa1c54a000 	C:\Program Files\Android\Android Studio\jre\bin\net.dll
0x00007ffa38f00000 - 0x00007ffa3900c000 	C:\Windows\SYSTEM32\WINHTTP.dll
0x00007ffa40c10000 - 0x00007ffa40c77000 	C:\Windows\system32\mswsock.dll
0x00007ffa1c510000 - 0x00007ffa1c524000 	C:\Program Files\Android\Android Studio\jre\bin\nio.dll
0x00007ff9f4150000 - 0x00007ff9f4177000 	C:\Users\MICROTIC\.gradle\native\e1d6ef7f7dcc3fd88c89a11ec53ec762bb8ba0a96d01ffa2cd45eb1d1d8dd5c5\windows-amd64\native-platform.dll
0x00007ffa0d010000 - 0x00007ffa0d154000 	C:\Users\MICROTIC\.gradle\native\0d407fdbe67a94daf76414ababcb853783967236a71b16ec16e742cd7a986fd3\windows-amd64\native-platform-file-events.dll
0x00007ffa352d0000 - 0x00007ffa352da000 	C:\Program Files\Android\Android Studio\jre\bin\management.dll
0x00007ffa35240000 - 0x00007ffa3524d000 	C:\Program Files\Android\Android Studio\jre\bin\management_ext.dll
0x00007ffa40e50000 - 0x00007ffa40e68000 	C:\Windows\SYSTEM32\CRYPTSP.dll
0x00007ffa406f0000 - 0x00007ffa40725000 	C:\Windows\system32\rsaenh.dll
0x00007ffa40d00000 - 0x00007ffa40d29000 	C:\Windows\SYSTEM32\USERENV.dll
0x00007ffa40fd0000 - 0x00007ffa40ff7000 	C:\Windows\SYSTEM32\bcrypt.dll
0x00007ffa40e70000 - 0x00007ffa40e7c000 	C:\Windows\SYSTEM32\CRYPTBASE.dll
0x00007ffa402c0000 - 0x00007ffa402ed000 	C:\Windows\SYSTEM32\IPHLPAPI.DLL
0x00007ffa43690000 - 0x00007ffa43699000 	C:\Windows\System32\NSI.dll
0x00007ffa385a0000 - 0x00007ffa385b9000 	C:\Windows\SYSTEM32\dhcpcsvc6.DLL
0x00007ffa391c0000 - 0x00007ffa391de000 	C:\Windows\SYSTEM32\dhcpcsvc.DLL
0x00007ffa402f0000 - 0x00007ffa403d5000 	C:\Windows\SYSTEM32\DNSAPI.dll
0x00007ffa3eca0000 - 0x00007ffa3ecd4000 	C:\Windows\SYSTEM32\ntmarta.dll

dbghelp: loaded successfully - version: 4.0.5 - missing functions: none
symbol engine: initialized successfully - sym options: 0x614 - pdb path: .;C:\Program Files\Android\Android Studio\jre\bin;C:\Windows\SYSTEM32;C:\Windows\WinSxS\amd64_microsoft.windows.common-controls_6595b64144ccf1df_6.0.21996.1_none_7d6b053978bcd706;C:\Program Files\Android\Android Studio\jre\bin\server;C:\Users\MICROTIC\.gradle\native\e1d6ef7f7dcc3fd88c89a11ec53ec762bb8ba0a96d01ffa2cd45eb1d1d8dd5c5\windows-amd64;C:\Users\MICROTIC\.gradle\native\0d407fdbe67a94daf76414ababcb853783967236a71b16ec16e742cd7a986fd3\windows-amd64

VM Arguments:
jvm_args: --add-opens=java.base/java.util=ALL-UNNAMED --add-opens=java.base/java.lang=ALL-UNNAMED --add-opens=java.base/java.lang.invoke=ALL-UNNAMED --add-opens=java.base/java.util=ALL-UNNAMED --add-opens=java.prefs/java.util.prefs=ALL-UNNAMED --add-opens=java.prefs/java.util.prefs=ALL-UNNAMED --add-opens=java.base/java.nio.charset=ALL-UNNAMED --add-opens=java.base/java.net=ALL-UNNAMED --add-opens=java.base/java.util.concurrent.atomic=ALL-UNNAMED -Xmx2048m -Dfile.encoding=UTF-8 -Duser.country=US -Duser.language=en -Duser.variant 
java_command: org.gradle.launcher.daemon.bootstrap.GradleDaemon 7.4
java_class_path (initial): C:\Users\MICROTIC\.gradle\wrapper\dists\gradle-7.4-bin\c0gwcg53nkjbqw7r0h0umtfvt\gradle-7.4\lib\gradle-launcher-7.4.jar
Launcher Type: SUN_STANDARD

[Global flags]
     intx CICompilerCount                          = 4                                         {product} {ergonomic}
     uint ConcGCThreads                            = 2                                         {product} {ergonomic}
     uint G1ConcRefinementThreads                  = 8                                         {product} {ergonomic}
   size_t G1HeapRegionSize                         = 1048576                                   {product} {ergonomic}
    uintx GCDrainStackTargetSize                   = 64                                        {product} {ergonomic}
   size_t InitialHeapSize                          = 132120576                                 {product} {ergonomic}
   size_t MarkStackSize                            = 4194304                                   {product} {ergonomic}
   size_t MaxHeapSize                              = 2147483648                                {product} {command line}
   size_t MaxNewSize                               = 1287651328                                {product} {ergonomic}
   size_t MinHeapDeltaBytes                        = 1048576                                   {product} {ergonomic}
    uintx NonNMethodCodeHeapSize                   = 5836300                                {pd product} {ergonomic}
    uintx NonProfiledCodeHeapSize                  = 122910970                              {pd product} {ergonomic}
    uintx ProfiledCodeHeapSize                     = 122910970                              {pd product} {ergonomic}
    uintx ReservedCodeCacheSize                    = 251658240                              {pd product} {ergonomic}
     bool SegmentedCodeCache                       = true                                      {product} {ergonomic}
     bool UseCompressedClassPointers               = true                                 {lp64_product} {ergonomic}
     bool UseCompressedOops                        = true                                 {lp64_product} {ergonomic}
     bool UseG1GC                                  = true                                      {product} {ergonomic}
     bool UseLargePagesIndividualAllocation        = false                                  {pd product} {ergonomic}

Logging:
Log output configuration:
 #0: stdout all=warning uptime,level,tags
 #1: stderr all=off uptime,level,tags

Environment Variables:
PATH=C:\Program Files\Eclipse Adoptium\jdk-17.0.3.7-hotspot\bin;C:\Windows\system32;C:\Windows;C:\Windows\System32\Wbem;C:\Windows\System32\WindowsPowerShell\v1.0\;C:\Windows\System32\OpenSSH\;C:\Program Files\nodejs\;C:\Program Files\Git\cmd;C:\xampp\php;C:\ProgramData\ComposerSetup\bin;C:\Program Files\Microsoft SQL Server\150\Tools\Binn\;C:\Program Files\Microsoft SQL Server\Client SDK\ODBC\170\Tools\Binn\;C:\Program Files\dotnet\;C:\Program Files\Microsoft SQL Server\120\Tools\Binn\;C:\Users\MICROTIC\AppData\Local\Programs\Python\Python310\Scripts\;C:\Users\MICROTIC\AppData\Local\Programs\Python\Python310\;C:\Users\MICROTIC\AppData\Local\Microsoft\WindowsApps;C:\Users\MICROTIC\AppData\Local\Programs\Microsoft VS Code\bin;C:\Users\MICROTIC\AppData\Roaming\npm;C:\Users\MICROTIC\AppData\Local\GitHubDesktop\bin;C:\Users\MICROTIC\AppData\Roaming\Composer\vendor\bin;C:\Program Files\heroku\bin;C:\Program Files\JetBrains\PhpStorm 2022.1.2\bin;C:\flutter\bin;C:\Users\MICROTIC\.dotnet\tools;C:\Users\MICROTIC\AppData\Local\atom\bin;C:\Program Files\JetBrains\IntelliJ IDEA Community Edition 2022.2\bin;
USERNAME=MICROTIC
OS=Windows_NT
PROCESSOR_IDENTIFIER=Intel64 Family 6 Model 142 Stepping 11, GenuineIntel



---------------  S Y S T E M  ---------------

OS: Windows 10 , 64 bit Build 21996 (10.0.21996.1)
OS uptime: 5 days 1:09 hours

CPU:total 8 (initial active 8) (4 cores per cpu, 2 threads per core) family 6 model 142 stepping 11 microcode 0xde, cmov, cx8, fxsr, mmx, sse, sse2, sse3, ssse3, sse4.1, sse4.2, popcnt, avx, avx2, aes, clmul, erms, 3dnowpref, lzcnt, ht, tsc, tscinvbit, bmi1, bmi2, adx, fma

Memory: 4k page, system-wide physical 7999M (486M free)
TotalPageFile size 14315M (AvailPageFile size 192M)
current process WorkingSet (physical memory assigned to process): 493M, peak: 558M
current process commit charge ("private bytes"): 679M, peak: 958M

vm_info: OpenJDK 64-Bit Server VM (11.0.13+0-b1751.21-8125866) for windows-amd64 JRE (11.0.13+0-b1751.21-8125866), built on Feb  2 2022 03:00:22 by "builder" with MS VC++ 14.0 (VS2015)

END.
